<?xml version="1.0" encoding="UTF-8"?>
<!-- Generated by org.testng.reporters.JUnitReportReporter -->
<testsuite skipped="5" hostname="MIT01524" name="com.paymentgateway.uat.domainz.testcases.RegressionTest" tests="8" failures="0" timestamp="22 Nov 2018 02:13:19 GMT" time="147.647" errors="0">
  <testcase name="testCreateDomainAndMajorProductOrderInSalesDB" time="78.524" classname="com.paymentgateway.uat.domainz.testcases.RegressionTest"/>
  <testcase name="testDomainRegistration2WorkflowInConsoleAdmin" time="35.863" classname="com.paymentgateway.uat.domainz.testcases.RegressionTest"/>
  <testcase name="testProductSetup2WorkflowInConsoleAdmin" time="33.260" classname="com.paymentgateway.uat.domainz.testcases.RegressionTest"/>
  <testcase name="testPayInvoiceUsingExistingCardFromSalesDB" classname="com.paymentgateway.uat.domainz.testcases.RegressionTest">
    <skipped/>
  </testcase> <!-- testPayInvoiceUsingExistingCardFromSalesDB -->
  <testcase name="testRefundPaymentInSalesDB" classname="com.paymentgateway.uat.domainz.testcases.RegressionTest">
    <skipped/>
  </testcase> <!-- testRefundPaymentInSalesDB -->
  <testcase name="testViewBillingInConsoleAdmin" classname="com.paymentgateway.uat.domainz.testcases.RegressionTest">
    <skipped/>
  </testcase> <!-- testViewBillingInConsoleAdmin -->
  <testcase name="testPayingSingleInvoiceInConsoleAdmin" classname="com.paymentgateway.uat.domainz.testcases.RegressionTest">
    <skipped/>
  </testcase> <!-- testPayingSingleInvoiceInConsoleAdmin -->
  <testcase name="testUpdateExpiryInConsoleAdmin" classname="com.paymentgateway.uat.domainz.testcases.RegressionTest">
    <skipped/>
  </testcase> <!-- testUpdateExpiryInConsoleAdmin -->
</testsuite> <!-- com.paymentgateway.uat.domainz.testcases.RegressionTest -->
