<?xml version="1.0" encoding="UTF-8"?>
<!-- Generated by org.testng.reporters.JUnitReportReporter -->
<testsuite skipped="20" hostname="MIT01524" name="com.paymentgateway.ui.dmz.testcases.DomainzCustomerCartJourneyTest" tests="22" failures="0" timestamp="04 May 2018 06:09:06 GMT" time="45.846" errors="0">
  <testcase name="verifySEOForNewCustomer" time="22.675" classname="com.paymentgateway.ui.dmz.testcases.DomainzCustomerCartJourneyTest"/>
  <testcase name="verifySEOForExistingCustomer" time="23.171" classname="com.paymentgateway.ui.dmz.testcases.DomainzCustomerCartJourneyTest"/>
  <testcase name="verifyWebDesignWordpressForExistingCustomer" classname="com.paymentgateway.ui.dmz.testcases.DomainzCustomerCartJourneyTest">
    <skipped/>
  </testcase> <!-- verifyWebDesignWordpressForExistingCustomer -->
  <testcase name="verifyEmailMarketingForExistingCustomer" classname="com.paymentgateway.ui.dmz.testcases.DomainzCustomerCartJourneyTest">
    <skipped/>
  </testcase> <!-- verifyEmailMarketingForExistingCustomer -->
  <testcase name="verifyWebDesignWordpressForNewCustomer" classname="com.paymentgateway.ui.dmz.testcases.DomainzCustomerCartJourneyTest">
    <skipped/>
  </testcase> <!-- verifyWebDesignWordpressForNewCustomer -->
  <testcase name="verifyHostingAndWebsiteDoneForYouForNewCustomer" classname="com.paymentgateway.ui.dmz.testcases.DomainzCustomerCartJourneyTest">
    <skipped/>
  </testcase> <!-- verifyHostingAndWebsiteDoneForYouForNewCustomer -->
  <testcase name="verifySSLRenewalForExistingCustomer" classname="com.paymentgateway.ui.dmz.testcases.DomainzCustomerCartJourneyTest">
    <skipped/>
  </testcase> <!-- verifySSLRenewalForExistingCustomer -->
  <testcase name="verifyDomainRenewalForExistingCustomer" classname="com.paymentgateway.ui.dmz.testcases.DomainzCustomerCartJourneyTest">
    <skipped/>
  </testcase> <!-- verifyDomainRenewalForExistingCustomer -->
  <testcase name="verifySSLForExistingCustomer" classname="com.paymentgateway.ui.dmz.testcases.DomainzCustomerCartJourneyTest">
    <skipped/>
  </testcase> <!-- verifySSLForExistingCustomer -->
  <testcase name="verifyProductRenewalForExistingCustomer" classname="com.paymentgateway.ui.dmz.testcases.DomainzCustomerCartJourneyTest">
    <skipped/>
  </testcase> <!-- verifyProductRenewalForExistingCustomer -->
  <testcase name="verifySocialMediaAdvertisingForExistingCustomer" classname="com.paymentgateway.ui.dmz.testcases.DomainzCustomerCartJourneyTest">
    <skipped/>
  </testcase> <!-- verifySocialMediaAdvertisingForExistingCustomer -->
  <testcase name="verifyDomainTransferForExistingCustomer" classname="com.paymentgateway.ui.dmz.testcases.DomainzCustomerCartJourneyTest">
    <skipped/>
  </testcase> <!-- verifyDomainTransferForExistingCustomer -->
  <testcase name="verifyEmailMarketingForNewCustomer" classname="com.paymentgateway.ui.dmz.testcases.DomainzCustomerCartJourneyTest">
    <skipped/>
  </testcase> <!-- verifyEmailMarketingForNewCustomer -->
  <testcase name="verifyHostingAndWebsiteDoneForYouForExistingCustomer" classname="com.paymentgateway.ui.dmz.testcases.DomainzCustomerCartJourneyTest">
    <skipped/>
  </testcase> <!-- verifyHostingAndWebsiteDoneForYouForExistingCustomer -->
  <testcase name="VerifyDomainRegistrationForNewCustomer" classname="com.paymentgateway.ui.dmz.testcases.DomainzCustomerCartJourneyTest">
    <skipped/>
  </testcase> <!-- VerifyDomainRegistrationForNewCustomer -->
  <testcase name="verifyOutstandingInvoicesForExistingCustomer" classname="com.paymentgateway.ui.dmz.testcases.DomainzCustomerCartJourneyTest">
    <skipped/>
  </testcase> <!-- verifyOutstandingInvoicesForExistingCustomer -->
  <testcase name="verifySSLForNewCustomer" classname="com.paymentgateway.ui.dmz.testcases.DomainzCustomerCartJourneyTest">
    <skipped/>
  </testcase> <!-- verifySSLForNewCustomer -->
  <testcase name="verifyOffice365ForExistingCustomer" classname="com.paymentgateway.ui.dmz.testcases.DomainzCustomerCartJourneyTest">
    <skipped/>
  </testcase> <!-- verifyOffice365ForExistingCustomer -->
  <testcase name="verifyHostingSignupForExistingCustomer" classname="com.paymentgateway.ui.dmz.testcases.DomainzCustomerCartJourneyTest">
    <skipped/>
  </testcase> <!-- verifyHostingSignupForExistingCustomer -->
  <testcase name="verifyHostingSignupForNewCustomer" classname="com.paymentgateway.ui.dmz.testcases.DomainzCustomerCartJourneyTest">
    <skipped/>
  </testcase> <!-- verifyHostingSignupForNewCustomer -->
  <testcase name="verifySocialMediaAdvertisingForNewCustomer" classname="com.paymentgateway.ui.dmz.testcases.DomainzCustomerCartJourneyTest">
    <skipped/>
  </testcase> <!-- verifySocialMediaAdvertisingForNewCustomer -->
  <testcase name="verifyDomainRegistrationForExistingCustomer" classname="com.paymentgateway.ui.dmz.testcases.DomainzCustomerCartJourneyTest">
    <skipped/>
  </testcase> <!-- verifyDomainRegistrationForExistingCustomer -->
</testsuite> <!-- com.paymentgateway.ui.dmz.testcases.DomainzCustomerCartJourneyTest -->
