<?xml version="1.0" encoding="UTF-8"?>
<!-- Generated by org.testng.reporters.JUnitReportReporter -->
<testsuite skipped="7" hostname="MIT01524" name="com.paymentgateway.uat.dps.testcases.RegressionTest" tests="8" failures="0" timestamp="22 Nov 2018 00:53:41 GMT" time="74.755" errors="0">
  <testcase name="testCreateDomainAndMajorProductOrderInSalesDB" time="74.755" classname="com.paymentgateway.uat.dps.testcases.RegressionTest"/>
  <testcase name="testViewBillingInConsoleAdmin" classname="com.paymentgateway.uat.dps.testcases.RegressionTest">
    <skipped/>
  </testcase> <!-- testViewBillingInConsoleAdmin -->
  <testcase name="testUpdateExpiryInConsoleAdmin" classname="com.paymentgateway.uat.dps.testcases.RegressionTest">
    <skipped/>
  </testcase> <!-- testUpdateExpiryInConsoleAdmin -->
  <testcase name="testDomainRegistration2WorkflowInConsoleAdmin" classname="com.paymentgateway.uat.dps.testcases.RegressionTest">
    <skipped/>
  </testcase> <!-- testDomainRegistration2WorkflowInConsoleAdmin -->
  <testcase name="testPayInvoiceUsingExistingCardFromSalesDB" classname="com.paymentgateway.uat.dps.testcases.RegressionTest">
    <skipped/>
  </testcase> <!-- testPayInvoiceUsingExistingCardFromSalesDB -->
  <testcase name="testProductSetup2WorkflowInConsoleAdmin" classname="com.paymentgateway.uat.dps.testcases.RegressionTest">
    <skipped/>
  </testcase> <!-- testProductSetup2WorkflowInConsoleAdmin -->
  <testcase name="testPayingSingleInvoiceInConsoleAdmin" classname="com.paymentgateway.uat.dps.testcases.RegressionTest">
    <skipped/>
  </testcase> <!-- testPayingSingleInvoiceInConsoleAdmin -->
  <testcase name="testRefundPaymentInSalesDB" classname="com.paymentgateway.uat.dps.testcases.RegressionTest">
    <skipped/>
  </testcase> <!-- testRefundPaymentInSalesDB -->
</testsuite> <!-- com.paymentgateway.uat.dps.testcases.RegressionTest -->
