<?xml version="1.0" encoding="UTF-8"?>
<!-- Generated by org.testng.reporters.JUnitReportReporter -->
<testsuite skipped="0" hostname="MIT01524" name="com.paymentgateway.uat.domainz.testcases.RegressionSalesDB" tests="6" failures="0" timestamp="24 Jan 2019 06:09:28 GMT" time="395.418" errors="0">
  <testcase name="testCreateDomainAndMajorProductOrderInSalesDB" time="76.553" classname="com.paymentgateway.uat.domainz.testcases.RegressionSalesDB"/>
  <testcase name="testPaySingleInvoiceInConsoleAdmin" time="64.323" classname="com.paymentgateway.uat.domainz.testcases.RegressionSalesDB"/>
  <testcase name="testPayInvoiceUsingExistingCardFromSalesDB" time="36.661" classname="com.paymentgateway.uat.domainz.testcases.RegressionSalesDB"/>
  <testcase name="testRefundPaymentFromSalesDB" time="41.837" classname="com.paymentgateway.uat.domainz.testcases.RegressionSalesDB"/>
  <testcase name="testDomainRegistration2WorkflowInConsoleAdmin" time="83.699" classname="com.paymentgateway.uat.domainz.testcases.RegressionSalesDB"/>
  <testcase name="testProductSetup2WorkflowInConsoleAdmin" time="92.345" classname="com.paymentgateway.uat.domainz.testcases.RegressionSalesDB"/>
</testsuite> <!-- com.paymentgateway.uat.domainz.testcases.RegressionSalesDB -->
