<?xml version="1.0" encoding="UTF-8"?>
<!-- Generated by org.testng.reporters.JUnitReportReporter -->
<testsuite skipped="0" hostname="MIT01524" name="com.paymentgateway.uat.domainz.testcases.RegressionSalesDB" tests="6" failures="0" timestamp="29 Nov 2018 06:21:04 GMT" time="255.498" errors="0">
  <testcase name="testCreateDomainAndMajorProductOrderInSalesDB" time="75.456" classname="com.paymentgateway.uat.domainz.testcases.RegressionSalesDB"/>
  <testcase name="testDomainRegistration2WorkflowInConsoleAdmin" time="34.685" classname="com.paymentgateway.uat.domainz.testcases.RegressionSalesDB"/>
  <testcase name="testProductSetup2WorkflowInConsoleAdmin" time="33.867" classname="com.paymentgateway.uat.domainz.testcases.RegressionSalesDB"/>
  <testcase name="testPaySingleInvoiceInConsoleAdmin" time="36.290" classname="com.paymentgateway.uat.domainz.testcases.RegressionSalesDB"/>
  <testcase name="testRefundPaymentFromSalesDB" time="37.746" classname="com.paymentgateway.uat.domainz.testcases.RegressionSalesDB"/>
  <testcase name="testPayInvoiceUsingExistingCardFromSalesDB" time="37.454" classname="com.paymentgateway.uat.domainz.testcases.RegressionSalesDB"/>
</testsuite> <!-- com.paymentgateway.uat.domainz.testcases.RegressionSalesDB -->
