<?xml version="1.0" encoding="UTF-8"?>
<!-- Generated by org.testng.reporters.JUnitReportReporter -->
<testsuite skipped="0" hostname="MIT01524" name="com.paymentgateway.ui.dmz.testcases.DomainRegistrationPreAuthTest" tests="4" failures="0" timestamp="27 Apr 2018 04:35:46 GMT" time="138.754" errors="0">
  <testcase name="verifyPreAuthForNewCustomerSingleDomain" time="32.599" classname="com.paymentgateway.ui.dmz.testcases.DomainRegistrationPreAuthTest"/>
  <testcase name="verifyPreAuthForExistingCustomerMultipleDomains" time="32.826" classname="com.paymentgateway.ui.dmz.testcases.DomainRegistrationPreAuthTest"/>
  <testcase name="verifyPreAuthForNewCustomerSingleProduct" time="28.164" classname="com.paymentgateway.ui.dmz.testcases.DomainRegistrationPreAuthTest"/>
  <testcase name="verifyPreAuthForExistingCustomerMultipleProducts" time="45.165" classname="com.paymentgateway.ui.dmz.testcases.DomainRegistrationPreAuthTest"/>
</testsuite> <!-- com.paymentgateway.ui.dmz.testcases.DomainRegistrationPreAuthTest -->
