<?xml version="1.0" encoding="UTF-8"?>
<!-- Generated by org.testng.reporters.JUnitReportReporter -->
<testsuite skipped="0" hostname="MIT01524" name="com.paymentgateway.uat.netregistry.testcases.RegressionSalesDB" tests="6" failures="0" timestamp="24 Jan 2019 06:09:28 GMT" time="402.265" errors="0">
  <testcase name="testProductSetup2WorkflowInConsoleAdmin" time="93.668" classname="com.paymentgateway.uat.netregistry.testcases.RegressionSalesDB"/>
  <testcase name="testDomainRegistration2WorkflowInConsoleAdmin" time="86.717" classname="com.paymentgateway.uat.netregistry.testcases.RegressionSalesDB"/>
  <testcase name="testRefundPaymentFromSalesDB" time="41.193" classname="com.paymentgateway.uat.netregistry.testcases.RegressionSalesDB"/>
  <testcase name="testPayInvoiceUsingExistingCardFromSalesDB" time="36.798" classname="com.paymentgateway.uat.netregistry.testcases.RegressionSalesDB"/>
  <testcase name="testCreateDomainAndMajorProductOrderInSalesDB" time="74.109" classname="com.paymentgateway.uat.netregistry.testcases.RegressionSalesDB"/>
  <testcase name="testPaySingleInvoiceInConsoleAdmin" time="69.780" classname="com.paymentgateway.uat.netregistry.testcases.RegressionSalesDB"/>
</testsuite> <!-- com.paymentgateway.uat.netregistry.testcases.RegressionSalesDB -->
