<?xml version="1.0" encoding="UTF-8"?>
<!-- Generated by org.testng.reporters.JUnitReportReporter -->
<testsuite skipped="0" hostname="MIT01524" name="com.paymentgateway.uat.domainz.testcases.RegressionSalesDB" tests="6" failures="0" timestamp="23 Jan 2019 06:08:30 GMT" time="399.021" errors="0">
  <testcase name="testProductSetup2WorkflowInConsoleAdmin" time="92.087" classname="com.paymentgateway.uat.domainz.testcases.RegressionSalesDB"/>
  <testcase name="testPaySingleInvoiceInConsoleAdmin" time="70.864" classname="com.paymentgateway.uat.domainz.testcases.RegressionSalesDB"/>
  <testcase name="testPayInvoiceUsingExistingCardFromSalesDB" time="37.071" classname="com.paymentgateway.uat.domainz.testcases.RegressionSalesDB"/>
  <testcase name="testDomainRegistration2WorkflowInConsoleAdmin" time="81.645" classname="com.paymentgateway.uat.domainz.testcases.RegressionSalesDB"/>
  <testcase name="testCreateDomainAndMajorProductOrderInSalesDB" time="75.860" classname="com.paymentgateway.uat.domainz.testcases.RegressionSalesDB"/>
  <testcase name="testRefundPaymentFromSalesDB" time="41.494" classname="com.paymentgateway.uat.domainz.testcases.RegressionSalesDB"/>
</testsuite> <!-- com.paymentgateway.uat.domainz.testcases.RegressionSalesDB -->
