<?xml version="1.0" encoding="UTF-8"?>
<!-- Generated by org.testng.reporters.JUnitReportReporter -->
<testsuite skipped="0" hostname="MIT01524" name="com.consoleregression.testcases.CustomerPortalJourneyTest" tests="2" failures="0" timestamp="18 Oct 2018 00:28:20 GMT" time="67.931" errors="0">
  <testcase name="verifyDomainRegistrationOrderForNewCustomerInCustomerPortal" time="33.202" classname="com.consoleregression.testcases.CustomerPortalJourneyTest"/>
  <testcase name="verifyDomainandMultipleProductOrderForReturningCustomerInCustomerPortal" time="34.729" classname="com.consoleregression.testcases.CustomerPortalJourneyTest"/>
</testsuite> <!-- com.consoleregression.testcases.CustomerPortalJourneyTest -->
