<?xml version="1.0" encoding="UTF-8"?>
<!-- Generated by org.testng.reporters.JUnitReportReporter -->
<testsuite skipped="0" hostname="MIT01524" name="com.paymentgateway.testdatacreation.testcases.DomainzDataCreationTest" tests="1" failures="0" timestamp="18 Sep 2018 03:59:49 GMT" time="417.275" errors="0">
  <testcase name="generateDomainRegistrationOrderInCustomerPortal" time="417.275" classname="com.paymentgateway.testdatacreation.testcases.DomainzDataCreationTest"/>
</testsuite> <!-- com.paymentgateway.testdatacreation.testcases.DomainzDataCreationTest -->
