<?xml version="1.0" encoding="UTF-8"?>
<!-- Generated by org.testng.reporters.JUnitReportReporter -->
<testsuite skipped="6" hostname="MIT01524" name="com.paymentgateway.testdatacreation.testcases.DomainzDataCreationTest" tests="7" failures="0" timestamp="25 Oct 2018 03:19:23 GMT" time="125.925" errors="0">
  <testcase name="generateCustomerDataWithDefaultCreditCard" time="125.925" classname="com.paymentgateway.testdatacreation.testcases.DomainzDataCreationTest"/>
  <testcase name="createPropertyFileForDecryptedDataVerification" classname="com.paymentgateway.testdatacreation.testcases.DomainzDataCreationTest">
    <skipped/>
  </testcase> <!-- createPropertyFileForDecryptedDataVerification -->
  <testcase name="createTextFileForGreencodeAndCreditCardDetails" classname="com.paymentgateway.testdatacreation.testcases.DomainzDataCreationTest">
    <skipped/>
  </testcase> <!-- createTextFileForGreencodeAndCreditCardDetails -->
  <testcase name="generateCustomerDataWithYearlyBillingProduct" classname="com.paymentgateway.testdatacreation.testcases.DomainzDataCreationTest">
    <skipped/>
  </testcase> <!-- generateCustomerDataWithYearlyBillingProduct -->
  <testcase name="generateCustomerDataWithDomainRegistrationAndEnableAutoRenew" classname="com.paymentgateway.testdatacreation.testcases.DomainzDataCreationTest">
    <skipped/>
  </testcase> <!-- generateCustomerDataWithDomainRegistrationAndEnableAutoRenew -->
  <testcase name="generateCustomerDataWithMonthlyBillingProduct" classname="com.paymentgateway.testdatacreation.testcases.DomainzDataCreationTest">
    <skipped/>
  </testcase> <!-- generateCustomerDataWithMonthlyBillingProduct -->
  <testcase name="generateCustomerDataWithOutstandingInvoice" classname="com.paymentgateway.testdatacreation.testcases.DomainzDataCreationTest">
    <skipped/>
  </testcase> <!-- generateCustomerDataWithOutstandingInvoice -->
</testsuite> <!-- com.paymentgateway.testdatacreation.testcases.DomainzDataCreationTest -->
