<?xml version="1.0" encoding="UTF-8"?>
<!-- Generated by org.testng.reporters.JUnitReportReporter -->
<testsuite skipped="0" hostname="MIT01524" name="com.paymentgateway.ui.nrg.testcases.NetregistrySalesDBJourneyTest" tests="3" failures="0" timestamp="01 Jun 2018 03:25:30 GMT" time="314.312" errors="0">
  <testcase name="verifySingleDomainOrderInSalesDB03" time="108.223" classname="com.paymentgateway.ui.nrg.testcases.NetregistrySalesDBJourneyTest"/>
  <testcase name="verifySingleDomainOrderInSalesDB02" time="101.469" classname="com.paymentgateway.ui.nrg.testcases.NetregistrySalesDBJourneyTest"/>
  <testcase name="verifySingleDomainOrderInSalesDB" time="104.620" classname="com.paymentgateway.ui.nrg.testcases.NetregistrySalesDBJourneyTest"/>
</testsuite> <!-- com.paymentgateway.ui.nrg.testcases.NetregistrySalesDBJourneyTest -->
