<?xml version="1.0" encoding="UTF-8"?>
<!-- Generated by org.testng.reporters.JUnitReportReporter -->
<testsuite skipped="0" hostname="MIT01524" name="com.paymentgateway.uat.domainz.testcases.RegressionSalesDB" tests="6" failures="0" timestamp="09 Jan 2019 03:27:35 GMT" time="257.734" errors="0">
  <testcase name="testCreateDomainAndMajorProductOrderInSalesDB" time="75.152" classname="com.paymentgateway.uat.domainz.testcases.RegressionSalesDB"/>
  <testcase name="testDomainRegistration2WorkflowInConsoleAdmin" time="34.605" classname="com.paymentgateway.uat.domainz.testcases.RegressionSalesDB"/>
  <testcase name="testProductSetup2WorkflowInConsoleAdmin" time="34.689" classname="com.paymentgateway.uat.domainz.testcases.RegressionSalesDB"/>
  <testcase name="testPaySingleInvoiceInConsoleAdmin" time="35.981" classname="com.paymentgateway.uat.domainz.testcases.RegressionSalesDB"/>
  <testcase name="testRefundPaymentFromSalesDB" time="40.493" classname="com.paymentgateway.uat.domainz.testcases.RegressionSalesDB"/>
  <testcase name="testPayInvoiceUsingExistingCardFromSalesDB" time="36.814" classname="com.paymentgateway.uat.domainz.testcases.RegressionSalesDB"/>
</testsuite> <!-- com.paymentgateway.uat.domainz.testcases.RegressionSalesDB -->
