<?xml version="1.0" encoding="UTF-8"?>
<!-- Generated by org.testng.reporters.JUnitReportReporter -->
<testsuite skipped="0" hostname="MIT01524" name="com.consoleregression.testcases.SalesDBJourneyTest" tests="2" failures="0" timestamp="11 Sep 2018 06:53:56 GMT" time="237.131" errors="0">
  <testcase name="verifyDomainRegistrationSingleOrderInSalesDB" time="102.354" classname="com.consoleregression.testcases.SalesDBJourneyTest"/>
  <testcase name="verifyDomainandSingleProductOrderInSalesDB" time="134.777" classname="com.consoleregression.testcases.SalesDBJourneyTest"/>
</testsuite> <!-- com.consoleregression.testcases.SalesDBJourneyTest -->
