<?xml version="1.0" encoding="UTF-8"?>
<!-- Generated by org.testng.reporters.JUnitReportReporter -->
<testsuite skipped="0" hostname="MIT01524" name="com.consoleregression.testcases.production.CustomerPortalJourneyTest" tests="2" failures="0" timestamp="20 Sep 2018 04:39:54 GMT" time="54.901" errors="0">
  <testcase name="verifyDomainRegistrationOrderForNewCustomerInCustomerPortal" time="24.383" classname="com.consoleregression.testcases.production.CustomerPortalJourneyTest"/>
  <testcase name="verifyDomainandMultipleProductOrderForReturningCustomerInCustomerPortal" time="30.518" classname="com.consoleregression.testcases.production.CustomerPortalJourneyTest"/>
</testsuite> <!-- com.consoleregression.testcases.production.CustomerPortalJourneyTest -->
