<?xml version="1.0" encoding="UTF-8"?>
<!-- Generated by org.testng.reporters.JUnitReportReporter -->
<testsuite skipped="0" hostname="MIT01524" name="com.consoleregression.testcases.SalesDBJourneyTest" tests="2" failures="0" timestamp="12 Sep 2018 23:56:38 GMT" time="241.649" errors="0">
  <testcase name="verifyDomainRegistrationSingleOrderInSalesDB" time="110.311" classname="com.consoleregression.testcases.SalesDBJourneyTest"/>
  <testcase name="verifyDomainandSingleProductOrderInSalesDB" time="131.338" classname="com.consoleregression.testcases.SalesDBJourneyTest"/>
</testsuite> <!-- com.consoleregression.testcases.SalesDBJourneyTest -->
