<?xml version="1.0" encoding="UTF-8"?>
<!-- Generated by org.testng.reporters.JUnitReportReporter -->
<testsuite skipped="4" hostname="MIT01524" name="com.paymentgateway.testdatacreation.testcases.DomainzDataCreationTest" tests="5" failures="0" timestamp="19 Sep 2018 06:59:11 GMT" time="255.663" errors="0">
  <testcase name="generateCustomerDataWithYearlyBillingProduct" time="255.663" classname="com.paymentgateway.testdatacreation.testcases.DomainzDataCreationTest"/>
  <testcase name="generateCustomerDataWithDomainRegistrationAndEnableAutoRenew" classname="com.paymentgateway.testdatacreation.testcases.DomainzDataCreationTest">
    <skipped/>
  </testcase> <!-- generateCustomerDataWithDomainRegistrationAndEnableAutoRenew -->
  <testcase name="generateCustomerDataWithMonthlyBillingProduct" classname="com.paymentgateway.testdatacreation.testcases.DomainzDataCreationTest">
    <skipped/>
  </testcase> <!-- generateCustomerDataWithMonthlyBillingProduct -->
  <testcase name="generateCustomerDataWithOutstandingInvoice" classname="com.paymentgateway.testdatacreation.testcases.DomainzDataCreationTest">
    <skipped/>
  </testcase> <!-- generateCustomerDataWithOutstandingInvoice -->
  <testcase name="generateCustomerDataWithDefaultCreditCard" classname="com.paymentgateway.testdatacreation.testcases.DomainzDataCreationTest">
    <skipped/>
  </testcase> <!-- generateCustomerDataWithDefaultCreditCard -->
</testsuite> <!-- com.paymentgateway.testdatacreation.testcases.DomainzDataCreationTest -->
