<?xml version="1.0" encoding="UTF-8"?>
<!-- Generated by org.testng.reporters.JUnitReportReporter -->
<testsuite skipped="3" hostname="MIT01524" name="com.consoleregression.testcases.SalesDBJourneyTest" tests="4" failures="0" timestamp="22 Oct 2018 23:58:56 GMT" time="536.706" errors="0">
  <testcase name="createDomainNameOrders" time="536.706" classname="com.consoleregression.testcases.SalesDBJourneyTest"/>
  <testcase name="verify_ComAuDomain_Order_InSalesDB" classname="com.consoleregression.testcases.SalesDBJourneyTest">
    <skipped/>
  </testcase> <!-- verify_ComAuDomain_Order_InSalesDB -->
  <testcase name="verify_ComDomain_and_Office365_Order_InSalesDB" classname="com.consoleregression.testcases.SalesDBJourneyTest">
    <skipped/>
  </testcase> <!-- verify_ComDomain_and_Office365_Order_InSalesDB -->
  <testcase name="verify_NetDomain_and_DIFM_Order_InSalesDB" classname="com.consoleregression.testcases.SalesDBJourneyTest">
    <skipped/>
  </testcase> <!-- verify_NetDomain_and_DIFM_Order_InSalesDB -->
</testsuite> <!-- com.consoleregression.testcases.SalesDBJourneyTest -->
