<?xml version="1.0" encoding="UTF-8"?>
<!-- Generated by org.testng.reporters.JUnitReportReporter -->
<testsuite skipped="2" hostname="MIT01524" name="com.paymentgateway.uat.domainz.testcases.RegressionTest" tests="3" failures="0" timestamp="14 Nov 2018 06:28:54 GMT" time="82.766" errors="0">
  <testcase name="testCreateDomainAndMajorProductOrderInSalesDB" time="82.766" classname="com.paymentgateway.uat.domainz.testcases.RegressionTest"/>
  <testcase name="testDomainRegistration2WorkflowInConsoleAdmin" classname="com.paymentgateway.uat.domainz.testcases.RegressionTest">
    <skipped/>
  </testcase> <!-- testDomainRegistration2WorkflowInConsoleAdmin -->
  <testcase name="testProductSetup2WorkflowInConsoleAdmin" classname="com.paymentgateway.uat.domainz.testcases.RegressionTest">
    <skipped/>
  </testcase> <!-- testProductSetup2WorkflowInConsoleAdmin -->
</testsuite> <!-- com.paymentgateway.uat.domainz.testcases.RegressionTest -->
