<?xml version="1.0" encoding="UTF-8"?>
<!-- Generated by org.testng.reporters.JUnitReportReporter -->
<testsuite skipped="5" hostname="MIT01524" name="com.paymentgateway.uat.melbourneit.testcases.RegressionTest" tests="8" failures="0" timestamp="22 Nov 2018 02:42:11 GMT" time="159.900" errors="0">
  <testcase name="testCreateDomainAndMajorProductOrderInSalesDB" time="83.140" classname="com.paymentgateway.uat.melbourneit.testcases.RegressionTest"/>
  <testcase name="testDomainRegistration2WorkflowInConsoleAdmin" time="37.062" classname="com.paymentgateway.uat.melbourneit.testcases.RegressionTest"/>
  <testcase name="testProductSetup2WorkflowInConsoleAdmin" time="39.698" classname="com.paymentgateway.uat.melbourneit.testcases.RegressionTest"/>
  <testcase name="testPayInvoiceUsingExistingCardFromSalesDB" classname="com.paymentgateway.uat.melbourneit.testcases.RegressionTest">
    <skipped/>
  </testcase> <!-- testPayInvoiceUsingExistingCardFromSalesDB -->
  <testcase name="testUpdateExpiryInConsoleAdmin" classname="com.paymentgateway.uat.melbourneit.testcases.RegressionTest">
    <skipped/>
  </testcase> <!-- testUpdateExpiryInConsoleAdmin -->
  <testcase name="testViewBillingInConsoleAdmin" classname="com.paymentgateway.uat.melbourneit.testcases.RegressionTest">
    <skipped/>
  </testcase> <!-- testViewBillingInConsoleAdmin -->
  <testcase name="testPayingSingleInvoiceInConsoleAdmin" classname="com.paymentgateway.uat.melbourneit.testcases.RegressionTest">
    <skipped/>
  </testcase> <!-- testPayingSingleInvoiceInConsoleAdmin -->
  <testcase name="testRefundPaymentInSalesDB" classname="com.paymentgateway.uat.melbourneit.testcases.RegressionTest">
    <skipped/>
  </testcase> <!-- testRefundPaymentInSalesDB -->
</testsuite> <!-- com.paymentgateway.uat.melbourneit.testcases.RegressionTest -->
