<?xml version="1.0" encoding="UTF-8"?>
<!-- Generated by org.testng.reporters.JUnitReportReporter -->
<testsuite skipped="5" hostname="MIT01524" name="com.paymentgateway.uat.netregistry.testcases.RegressionTest" tests="8" failures="0" timestamp="22 Nov 2018 02:23:50 GMT" time="192.399" errors="0">
  <testcase name="testCreateDomainAndMajorProductOrderInSalesDB" time="83.399" classname="com.paymentgateway.uat.netregistry.testcases.RegressionTest"/>
  <testcase name="testDomainRegistration2WorkflowInConsoleAdmin" time="58.360" classname="com.paymentgateway.uat.netregistry.testcases.RegressionTest"/>
  <testcase name="testProductSetup2WorkflowInConsoleAdmin" time="50.640" classname="com.paymentgateway.uat.netregistry.testcases.RegressionTest"/>
  <testcase name="testRefundPaymentInSalesDB" classname="com.paymentgateway.uat.netregistry.testcases.RegressionTest">
    <skipped/>
  </testcase> <!-- testRefundPaymentInSalesDB -->
  <testcase name="testPayInvoiceUsingExistingCardFromSalesDB" classname="com.paymentgateway.uat.netregistry.testcases.RegressionTest">
    <skipped/>
  </testcase> <!-- testPayInvoiceUsingExistingCardFromSalesDB -->
  <testcase name="testPayingSingleInvoiceInConsoleAdmin" classname="com.paymentgateway.uat.netregistry.testcases.RegressionTest">
    <skipped/>
  </testcase> <!-- testPayingSingleInvoiceInConsoleAdmin -->
  <testcase name="testViewBillingInConsoleAdmin" classname="com.paymentgateway.uat.netregistry.testcases.RegressionTest">
    <skipped/>
  </testcase> <!-- testViewBillingInConsoleAdmin -->
  <testcase name="testUpdateExpiryInConsoleAdmin" classname="com.paymentgateway.uat.netregistry.testcases.RegressionTest">
    <skipped/>
  </testcase> <!-- testUpdateExpiryInConsoleAdmin -->
</testsuite> <!-- com.paymentgateway.uat.netregistry.testcases.RegressionTest -->
