<?xml version="1.0" encoding="UTF-8"?>
<!-- Generated by org.testng.reporters.JUnitReportReporter -->
<testsuite skipped="2" hostname="MIT01524" name="com.consoleregression.testcases.production.SalesDBJourneyTest" tests="3" failures="0" timestamp="20 Sep 2018 00:52:15 GMT" time="40.301" errors="0">
  <testcase name="verify_ComDomain_and_Office365_Order_InSalesDB" time="40.301" classname="com.consoleregression.testcases.production.SalesDBJourneyTest"/>
  <testcase name="verify_NetDomain_and_DIFM_Order_InSalesDB" classname="com.consoleregression.testcases.production.SalesDBJourneyTest">
    <skipped/>
  </testcase> <!-- verify_NetDomain_and_DIFM_Order_InSalesDB -->
  <testcase name="verify_ComAuDomain_Order_InSalesDB" classname="com.consoleregression.testcases.production.SalesDBJourneyTest">
    <skipped/>
  </testcase> <!-- verify_ComAuDomain_Order_InSalesDB -->
</testsuite> <!-- com.consoleregression.testcases.production.SalesDBJourneyTest -->
