<?xml version="1.0" encoding="UTF-8"?>
<!-- Generated by org.testng.reporters.JUnitReportReporter -->
<testsuite skipped="0" hostname="MIT01524" name="com.consoleregression.testcases.CustomerPortalJourneyTest" tests="2" failures="0" timestamp="17 Sep 2018 04:41:25 GMT" time="64.670" errors="0">
  <testcase name="verifyDomainRegistrationOrderForNewCustomerInCustomerPortal" time="30.026" classname="com.consoleregression.testcases.CustomerPortalJourneyTest"/>
  <testcase name="verifyDomainandMultipleProductOrderForReturningCustomerInCustomerPortal" time="34.644" classname="com.consoleregression.testcases.CustomerPortalJourneyTest"/>
</testsuite> <!-- com.consoleregression.testcases.CustomerPortalJourneyTest -->
