<?xml version="1.0" encoding="UTF-8"?>
<!-- Generated by org.testng.reporters.JUnitReportReporter -->
<testsuite skipped="1" hostname="MIT01524" name="com.paymentgateway.ui.dmz.testcases.DomainzSalesDBJourneyTest" tests="4" failures="0" timestamp="04 Jun 2018 00:07:59 GMT" time="661.113" errors="0">
  <testcase name="verifySingleDomainandSingleProductOrderInSalesDB" time="267.034" classname="com.paymentgateway.ui.dmz.testcases.DomainzSalesDBJourneyTest"/>
  <testcase name="verifySingleDomainandMultipleProductsOrderInSalesDB" time="223.661" classname="com.paymentgateway.ui.dmz.testcases.DomainzSalesDBJourneyTest"/>
  <testcase name="verifyMultipleProductsOrderInSalesDB" time="170.418" classname="com.paymentgateway.ui.dmz.testcases.DomainzSalesDBJourneyTest"/>
  <testcase name="verifySingleDomainOrderInSalesDB" classname="com.paymentgateway.ui.dmz.testcases.DomainzSalesDBJourneyTest">
    <skipped/>
  </testcase> <!-- verifySingleDomainOrderInSalesDB -->
</testsuite> <!-- com.paymentgateway.ui.dmz.testcases.DomainzSalesDBJourneyTest -->
