<?xml version="1.0" encoding="UTF-8"?>
<!-- Generated by org.testng.reporters.JUnitReportReporter -->
<testsuite skipped="4" hostname="MIT01524" name="com.paymentgateway.testdatacreation.testcases.DomainzDataCreationTest" tests="5" failures="0" timestamp="21 Sep 2018 00:28:43 GMT" time="513.360" errors="0">
  <testcase name="generateCustomerDataWithOutstandingInvoice" time="513.360" classname="com.paymentgateway.testdatacreation.testcases.DomainzDataCreationTest"/>
  <testcase name="generateCustomerDataWithYearlyBillingProduct" classname="com.paymentgateway.testdatacreation.testcases.DomainzDataCreationTest">
    <skipped/>
  </testcase> <!-- generateCustomerDataWithYearlyBillingProduct -->
  <testcase name="generateCustomerDataWithDomainRegistrationAndEnableAutoRenew" classname="com.paymentgateway.testdatacreation.testcases.DomainzDataCreationTest">
    <skipped/>
  </testcase> <!-- generateCustomerDataWithDomainRegistrationAndEnableAutoRenew -->
  <testcase name="generateCustomerDataWithMonthlyBillingProduct" classname="com.paymentgateway.testdatacreation.testcases.DomainzDataCreationTest">
    <skipped/>
  </testcase> <!-- generateCustomerDataWithMonthlyBillingProduct -->
  <testcase name="generateCustomerDataWithDefaultCreditCard" classname="com.paymentgateway.testdatacreation.testcases.DomainzDataCreationTest">
    <skipped/>
  </testcase> <!-- generateCustomerDataWithDefaultCreditCard -->
</testsuite> <!-- com.paymentgateway.testdatacreation.testcases.DomainzDataCreationTest -->
