<?xml version="1.0" encoding="UTF-8"?>
<!-- Generated by org.testng.reporters.JUnitReportReporter -->
<testsuite skipped="1" hostname="MIT01524" name="com.paymentgateway.uat.quest.dps.testcases.SalesDBJourneyTest" tests="2" failures="0" timestamp="01 Oct 2018 06:05:51 GMT" time="119.256" errors="0">
  <testcase name="QuestDPS_VerifyCreateOrderPaidViaInvoiceInSalesDB" time="119.256" classname="com.paymentgateway.uat.quest.dps.testcases.SalesDBJourneyTest"/>
  <testcase name="QuestDPS_VerifyCreateOrderPaidViaPrepaidCardInSalesDB" classname="com.paymentgateway.uat.quest.dps.testcases.SalesDBJourneyTest">
    <skipped/>
  </testcase> <!-- QuestDPS_VerifyCreateOrderPaidViaPrepaidCardInSalesDB -->
</testsuite> <!-- com.paymentgateway.uat.quest.dps.testcases.SalesDBJourneyTest -->
