<?xml version="1.0" encoding="UTF-8"?>
<!-- Generated by org.testng.reporters.JUnitReportReporter -->
<testsuite skipped="3" hostname="MIT01524" name="com.paymentgateway.ui.dmz.testcases.DomainRegistrationPreAuthTest" tests="4" failures="0" timestamp="03 May 2018 00:30:35 GMT" time="24.041" errors="0">
  <testcase name="verifyPreAuthForNewCustomerSingleDomain" time="24.041" classname="com.paymentgateway.ui.dmz.testcases.DomainRegistrationPreAuthTest"/>
  <testcase name="verifyPreAuthForExistingCustomerMultipleProducts" classname="com.paymentgateway.ui.dmz.testcases.DomainRegistrationPreAuthTest">
    <skipped/>
  </testcase> <!-- verifyPreAuthForExistingCustomerMultipleProducts -->
  <testcase name="verifyPreAuthForNewCustomerSingleProduct" classname="com.paymentgateway.ui.dmz.testcases.DomainRegistrationPreAuthTest">
    <skipped/>
  </testcase> <!-- verifyPreAuthForNewCustomerSingleProduct -->
  <testcase name="verifyPreAuthForExistingCustomerMultipleDomains" classname="com.paymentgateway.ui.dmz.testcases.DomainRegistrationPreAuthTest">
    <skipped/>
  </testcase> <!-- verifyPreAuthForExistingCustomerMultipleDomains -->
</testsuite> <!-- com.paymentgateway.ui.dmz.testcases.DomainRegistrationPreAuthTest -->
