<?xml version="1.0" encoding="UTF-8"?>
<!-- Generated by org.testng.reporters.JUnitReportReporter -->
<testsuite skipped="0" hostname="MIT01524" name="com.paymentgateway.ui.dmz.testcases.DomainRegistrationPreAuth" tests="3" failures="0" timestamp="23 Apr 2018 04:25:02 GMT" time="83.499" errors="0">
  <testcase name="verifyPreAuthorization" time="29.765" classname="com.paymentgateway.ui.dmz.testcases.DomainRegistrationPreAuth"/>
  <testcase name="verifyPreAuthorization" time="28.218" classname="com.paymentgateway.ui.dmz.testcases.DomainRegistrationPreAuth"/>
  <testcase name="verifyPreAuthorization" time="25.516" classname="com.paymentgateway.ui.dmz.testcases.DomainRegistrationPreAuth"/>
</testsuite> <!-- com.paymentgateway.ui.dmz.testcases.DomainRegistrationPreAuth -->
