<?xml version="1.0" encoding="UTF-8"?>
<!-- Generated by org.testng.reporters.JUnitReportReporter -->
<testsuite skipped="0" hostname="MIT01524" name="com.paymentgateway.ui.dmz.testcases.DomainRegistrationPreAuthTest" tests="4" failures="0" timestamp="01 May 2018 04:32:49 GMT" time="77.246" errors="0">
  <testcase name="verifyPreAuthForNewCustomerSingleDomain" time="16.879" classname="com.paymentgateway.ui.dmz.testcases.DomainRegistrationPreAuthTest"/>
  <testcase name="verifyPreAuthForExistingCustomerMultipleDomains" time="21.090" classname="com.paymentgateway.ui.dmz.testcases.DomainRegistrationPreAuthTest"/>
  <testcase name="verifyPreAuthForNewCustomerSingleProduct" time="17.640" classname="com.paymentgateway.ui.dmz.testcases.DomainRegistrationPreAuthTest"/>
  <testcase name="verifyPreAuthForExistingCustomerMultipleProducts" time="21.637" classname="com.paymentgateway.ui.dmz.testcases.DomainRegistrationPreAuthTest"/>
</testsuite> <!-- com.paymentgateway.ui.dmz.testcases.DomainRegistrationPreAuthTest -->
