<?xml version="1.0" encoding="UTF-8"?>
<!-- Generated by org.testng.reporters.JUnitReportReporter -->
<testsuite skipped="0" hostname="MIT01524" name="com.consoleregression.testcases.CustomerPortalJourneyTest" tests="2" failures="0" timestamp="12 Sep 2018 23:56:38 GMT" time="67.799" errors="0">
  <testcase name="verifyDomainRegistrationSingleOrderInCustomerPortal" time="34.208" classname="com.consoleregression.testcases.CustomerPortalJourneyTest"/>
  <testcase name="verifyDomainandMultipleProductOrderInCustomerPortal" time="33.591" classname="com.consoleregression.testcases.CustomerPortalJourneyTest"/>
</testsuite> <!-- com.consoleregression.testcases.CustomerPortalJourneyTest -->
