<?xml version="1.0" encoding="UTF-8"?>
<!-- Generated by org.testng.reporters.JUnitReportReporter -->
<testsuite skipped="0" hostname="MIT01524" name="com.paymentgateway.uat.quest.tppwholesale.testcases.ConsoleAdminJourneyTest" tests="1" failures="0" timestamp="27 Sep 2018 03:54:44 GMT" time="20.885" errors="0">
  <testcase name="QuestTPPWholesale_VerifyViewBillingInConsoleAdmin" time="20.885" classname="com.paymentgateway.uat.quest.tppwholesale.testcases.ConsoleAdminJourneyTest"/>
</testsuite> <!-- com.paymentgateway.uat.quest.tppwholesale.testcases.ConsoleAdminJourneyTest -->
