<?xml version="1.0" encoding="UTF-8"?>
<!-- Generated by org.testng.reporters.JUnitReportReporter -->
<testsuite skipped="0" hostname="MIT01524" name="com.paymentgateway.uat.domainz.testcases.RegressionConsoleAdmin" tests="3" failures="0" timestamp="29 Nov 2018 06:21:04 GMT" time="73.846" errors="0">
  <testcase name="testViewBillingInConsoleAdmin" time="20.919" classname="com.paymentgateway.uat.domainz.testcases.RegressionConsoleAdmin"/>
  <testcase name="testUpdateExpiryInConsoleAdmin" time="16.212" classname="com.paymentgateway.uat.domainz.testcases.RegressionConsoleAdmin"/>
  <testcase name="RechargePrepaidInConsoleAdminUsingExistingCard" time="36.715" classname="com.paymentgateway.uat.domainz.testcases.RegressionConsoleAdmin"/>
</testsuite> <!-- com.paymentgateway.uat.domainz.testcases.RegressionConsoleAdmin -->
