<?xml version="1.0" encoding="UTF-8"?>
<!-- Generated by org.testng.reporters.JUnitReportReporter -->
<testsuite skipped="0" hostname="MIT01524" name="com.paymentgateway.testdatacreation.testcases.DomainzDataCreationTest" tests="1" failures="0" timestamp="30 Jan 2019 06:26:24 GMT" time="1199.520" errors="0">
  <testcase name="generateCustomerDataWithDomainRegistrationAndEnableAutoRenew" time="1199.520" classname="com.paymentgateway.testdatacreation.testcases.DomainzDataCreationTest"/>
</testsuite> <!-- com.paymentgateway.testdatacreation.testcases.DomainzDataCreationTest -->
