<?xml version="1.0" encoding="UTF-8"?>
<!-- Generated by org.testng.reporters.JUnitReportReporter -->
<testsuite skipped="5" hostname="MIT01524" name="com.paymentgateway.uat.domainz.testcases.RegressionTest" tests="6" failures="0" timestamp="16 Nov 2018 06:05:50 GMT" time="76.510" errors="0">
  <testcase name="testCreateDomainAndMajorProductOrderInSalesDB" time="76.510" classname="com.paymentgateway.uat.domainz.testcases.RegressionTest"/>
  <testcase name="testPayInvoiceUsingExistingCardFromSalesDB" classname="com.paymentgateway.uat.domainz.testcases.RegressionTest">
    <skipped/>
  </testcase> <!-- testPayInvoiceUsingExistingCardFromSalesDB -->
  <testcase name="testRefundPaymentInSalesDB" classname="com.paymentgateway.uat.domainz.testcases.RegressionTest">
    <skipped/>
  </testcase> <!-- testRefundPaymentInSalesDB -->
  <testcase name="testViewBillingInConsoleAdmin" classname="com.paymentgateway.uat.domainz.testcases.RegressionTest">
    <skipped/>
  </testcase> <!-- testViewBillingInConsoleAdmin -->
  <testcase name="testDomainRegistration2WorkflowInConsoleAdmin" classname="com.paymentgateway.uat.domainz.testcases.RegressionTest">
    <skipped/>
  </testcase> <!-- testDomainRegistration2WorkflowInConsoleAdmin -->
  <testcase name="testProductSetup2WorkflowInConsoleAdmin" classname="com.paymentgateway.uat.domainz.testcases.RegressionTest">
    <skipped/>
  </testcase> <!-- testProductSetup2WorkflowInConsoleAdmin -->
</testsuite> <!-- com.paymentgateway.uat.domainz.testcases.RegressionTest -->
