<?xml version="1.0" encoding="UTF-8"?>
<!-- Generated by org.testng.reporters.JUnitReportReporter -->
<testsuite skipped="1" hostname="MIT01524" name="com.paymentgateway.uat.quest.domainz.testcases.SalesDBJourneyTest" tests="2" failures="0" timestamp="02 Nov 2018 05:13:37 GMT" time="121.555" errors="0">
  <testcase name="QuestDomainz_VerifyCreateOrderPaidViaInvoiceInSalesDB" time="121.555" classname="com.paymentgateway.uat.quest.domainz.testcases.SalesDBJourneyTest"/>
  <testcase name="QuestDomainz_VerifyCreateOrderPaidViaCreditCardInSalesDB" classname="com.paymentgateway.uat.quest.domainz.testcases.SalesDBJourneyTest">
    <skipped/>
  </testcase> <!-- QuestDomainz_VerifyCreateOrderPaidViaCreditCardInSalesDB -->
</testsuite> <!-- com.paymentgateway.uat.quest.domainz.testcases.SalesDBJourneyTest -->
