<?xml version="1.0" encoding="UTF-8"?>
<!-- Generated by org.testng.reporters.JUnitReportReporter -->
<testsuite skipped="3" hostname="MIT01524" name="com.paymentgateway.testdatacreation.testcases.DomainzDataCreationTest" tests="4" failures="0" timestamp="19 Sep 2018 03:16:12 GMT" time="123.653" errors="0">
  <testcase name="generateCustomerDataWithOutstandingInvoice" time="123.653" classname="com.paymentgateway.testdatacreation.testcases.DomainzDataCreationTest"/>
  <testcase name="generateCustomerDataWithYearlyBillingProduct" classname="com.paymentgateway.testdatacreation.testcases.DomainzDataCreationTest">
    <skipped/>
  </testcase> <!-- generateCustomerDataWithYearlyBillingProduct -->
  <testcase name="generateCustomerDataWithDomainRegistrationAndEnableAutoRenew" classname="com.paymentgateway.testdatacreation.testcases.DomainzDataCreationTest">
    <skipped/>
  </testcase> <!-- generateCustomerDataWithDomainRegistrationAndEnableAutoRenew -->
  <testcase name="generateCustomerDataWithMonthlyBillingProduct" classname="com.paymentgateway.testdatacreation.testcases.DomainzDataCreationTest">
    <skipped/>
  </testcase> <!-- generateCustomerDataWithMonthlyBillingProduct -->
</testsuite> <!-- com.paymentgateway.testdatacreation.testcases.DomainzDataCreationTest -->
