<?xml version="1.0" encoding="UTF-8"?>
<!-- Generated by org.testng.reporters.JUnitReportReporter -->
<testsuite skipped="0" hostname="MIT01524" name="com.paymentgateway.ui.dmz.testcases.DomainzSalesDBJourneyTest" tests="2" failures="0" timestamp="10 May 2018 23:34:25 GMT" time="180.759" errors="0">
  <testcase name="verifyDomainRegistrationInSalesDBForExistingCustomerExistingCard" time="169.404" classname="com.paymentgateway.ui.dmz.testcases.DomainzSalesDBJourneyTest"/>
  <testcase name="verifyDomainRegistrationInSalesDBForMigratedCustomerNewCard" time="11.355" classname="com.paymentgateway.ui.dmz.testcases.DomainzSalesDBJourneyTest"/>
</testsuite> <!-- com.paymentgateway.ui.dmz.testcases.DomainzSalesDBJourneyTest -->
