<?xml version="1.0" encoding="UTF-8"?>
<!-- Generated by org.testng.reporters.JUnitReportReporter -->
<testsuite skipped="3" hostname="MIT01524" name="com.paymentgateway.ui.dmz.testcases.DomainzSalesDBJourneyTest" tests="4" failures="0" timestamp="31 May 2018 05:31:56 GMT" time="169.544" errors="0">
  <testcase name="verifyMultipleProductsOrderInSalesDB" time="169.544" classname="com.paymentgateway.ui.dmz.testcases.DomainzSalesDBJourneyTest"/>
  <testcase name="verifySingleDomainandMultipleProductsOrderInSalesDB" classname="com.paymentgateway.ui.dmz.testcases.DomainzSalesDBJourneyTest">
    <skipped/>
  </testcase> <!-- verifySingleDomainandMultipleProductsOrderInSalesDB -->
  <testcase name="verifySingleDomainOrderInSalesDB" classname="com.paymentgateway.ui.dmz.testcases.DomainzSalesDBJourneyTest">
    <skipped/>
  </testcase> <!-- verifySingleDomainOrderInSalesDB -->
  <testcase name="verifySingleDomainandSingleProductOrderInSalesDB" classname="com.paymentgateway.ui.dmz.testcases.DomainzSalesDBJourneyTest">
    <skipped/>
  </testcase> <!-- verifySingleDomainandSingleProductOrderInSalesDB -->
</testsuite> <!-- com.paymentgateway.ui.dmz.testcases.DomainzSalesDBJourneyTest -->
