<?xml version="1.0" encoding="UTF-8"?>
<!-- Generated by org.testng.reporters.JUnitReportReporter -->
<testsuite skipped="0" hostname="MIT01524" name="com.consoleregression.testcases.CustomerPortalJourneyTest" tests="2" failures="0" timestamp="24 Sep 2018 03:33:47 GMT" time="61.408" errors="0">
  <testcase name="verifyDomainRegistrationOrderForNewCustomerInCustomerPortal" time="28.934" classname="com.consoleregression.testcases.CustomerPortalJourneyTest"/>
  <testcase name="verifyDomainandMultipleProductOrderForReturningCustomerInCustomerPortal" time="32.474" classname="com.consoleregression.testcases.CustomerPortalJourneyTest"/>
</testsuite> <!-- com.consoleregression.testcases.CustomerPortalJourneyTest -->
