<?xml version="1.0" encoding="UTF-8"?>
<!-- Generated by org.testng.reporters.JUnitReportReporter -->
<testsuite skipped="2" hostname="MIT01524" name="com.paymentgateway.testdatacreation.testcases.DomainzDataCreationTest" tests="7" failures="0" timestamp="11 Oct 2018 00:50:58 GMT" time="2583.123" errors="0">
  <testcase name="generateCustomerDataWithDomainRegistrationAndEnableAutoRenew" time="473.027" classname="com.paymentgateway.testdatacreation.testcases.DomainzDataCreationTest"/>
  <testcase name="generateCustomerDataWithMonthlyBillingProduct" time="659.160" classname="com.paymentgateway.testdatacreation.testcases.DomainzDataCreationTest"/>
  <testcase name="generateCustomerDataWithYearlyBillingProduct" time="588.665" classname="com.paymentgateway.testdatacreation.testcases.DomainzDataCreationTest"/>
  <testcase name="generateCustomerDataWithOutstandingInvoice" time="533.115" classname="com.paymentgateway.testdatacreation.testcases.DomainzDataCreationTest"/>
  <testcase name="generateCustomerDataWithDefaultCreditCard" time="329.156" classname="com.paymentgateway.testdatacreation.testcases.DomainzDataCreationTest"/>
  <testcase name="getDetailsForCustomerWithOutstandingInvoice" classname="com.paymentgateway.testdatacreation.testcases.DomainzDataCreationTest">
    <skipped/>
  </testcase> <!-- getDetailsForCustomerWithOutstandingInvoice -->
  <testcase name="getDetailsForCustomerWithDefaultCreditCard" classname="com.paymentgateway.testdatacreation.testcases.DomainzDataCreationTest">
    <skipped/>
  </testcase> <!-- getDetailsForCustomerWithDefaultCreditCard -->
</testsuite> <!-- com.paymentgateway.testdatacreation.testcases.DomainzDataCreationTest -->
