<?xml version="1.0" encoding="UTF-8"?>
<!-- Generated by org.testng.reporters.JUnitReportReporter -->
<testsuite skipped="4" hostname="MIT01524" name="com.paymentgateway.testdatacreation.testcases.DomainzDataCreationTest" tests="5" failures="0" timestamp="24 Sep 2018 05:05:09 GMT" time="213.214" errors="1">
  <testcase name="generateCustomerDataWithDefaultCreditCard" time="213.214" classname="com.paymentgateway.testdatacreation.testcases.DomainzDataCreationTest">
    <error type="java.lang.StackOverflowError">
      <![CDATA[java.lang.StackOverflowError
at java.nio.Buffer.<init>(Unknown Source)
at java.nio.CharBuffer.<init>(Unknown Source)
at java.nio.HeapCharBuffer.<init>(Unknown Source)
at java.nio.CharBuffer.wrap(Unknown Source)
at sun.nio.cs.StreamEncoder.implWrite(Unknown Source)
at sun.nio.cs.StreamEncoder.write(Unknown Source)
at java.io.OutputStreamWriter.write(Unknown Source)
at java.io.BufferedWriter.flushBuffer(Unknown Source)
at java.io.PrintStream.write(Unknown Source)
at java.io.PrintStream.print(Unknown Source)
at java.io.PrintStream.println(Unknown Source)
at com.util.WebEventListener.onException(WebEventListener.java:55)
at sun.reflect.GeneratedMethodAccessor13.invoke(Unknown Source)
at sun.reflect.DelegatingMethodAccessorImpl.invoke(Unknown Source)
at java.lang.reflect.Method.invoke(Unknown Source)
at org.openqa.selenium.support.events.EventFiringWebDriver.lambda$new$0(EventFiringWebDriver.java:82)
at com.sun.proxy.$Proxy9.onException(Unknown Source)
at org.openqa.selenium.support.events.EventFiringWebDriver.lambda$new$1(EventFiringWebDriver.java:105)
at com.sun.proxy.$Proxy10.getScreenshotAs(Unknown Source)
at org.openqa.selenium.support.events.EventFiringWebDriver.getScreenshotAs(EventFiringWebDriver.java:285)
at com.util.TestUtil.takeScreenshotAtEndOfTest(TestUtil.java:64)
at com.util.WebEventListener.onException(WebEventListener.java:57)
at sun.reflect.GeneratedMethodAccessor13.invoke(Unknown Source)
at sun.reflect.DelegatingMethodAccessorImpl.invoke(Unknown Source)
at java.lang.reflect.Method.invoke(Unknown Source)
at org.openqa.selenium.support.events.EventFiringWebDriver.lambda$new$0(EventFiringWebDriver.java:82)
at com.sun.proxy.$Proxy9.onException(Unknown Source)
at org.openqa.selenium.support.events.EventFiringWebDriver.lambda$new$1(EventFiringWebDriver.java:105)
at com.sun.proxy.$Proxy10.getScreenshotAs(Unknown Source)
at org.openqa.selenium.support.events.EventFiringWebDriver.getScreenshotAs(EventFiringWebDriver.java:285)
at com.util.TestUtil.takeScreenshotAtEndOfTest(TestUtil.java:64)
at com.util.WebEventListener.onException(WebEventListener.java:57)
at sun.reflect.GeneratedMethodAccessor13.invoke(Unknown Source)
at sun.reflect.DelegatingMethodAccessorImpl.invoke(Unknown Source)
at java.lang.reflect.Method.invoke(Unknown Source)
at org.openqa.selenium.support.events.EventFiringWebDriver.lambda$new$0(EventFiringWebDriver.java:82)
at com.sun.proxy.$Proxy9.onException(Unknown Source)
at org.openqa.selenium.support.events.EventFiringWebDriver.lambda$new$1(EventFiringWebDriver.java:105)
at com.sun.proxy.$Proxy10.getScreenshotAs(Unknown Source)
at org.openqa.selenium.support.events.EventFiringWebDriver.getScreenshotAs(EventFiringWebDriver.java:285)
at com.util.TestUtil.takeScreenshotAtEndOfTest(TestUtil.java:64)
at com.util.WebEventListener.onException(WebEventListener.java:57)
at sun.reflect.GeneratedMethodAccessor13.invoke(Unknown Source)
at sun.reflect.DelegatingMethodAccessorImpl.invoke(Unknown Source)
at java.lang.reflect.Method.invoke(Unknown Source)
at org.openqa.selenium.support.events.EventFiringWebDriver.lambda$new$0(EventFiringWebDriver.java:82)
at com.sun.proxy.$Proxy9.onException(Unknown Source)
at org.openqa.selenium.support.events.EventFiringWebDriver.lambda$new$1(EventFiringWebDriver.java:105)
at com.sun.proxy.$Proxy10.getScreenshotAs(Unknown Source)
at org.openqa.selenium.support.events.EventFiringWebDriver.getScreenshotAs(EventFiringWebDriver.java:285)
at com.util.TestUtil.takeScreenshotAtEndOfTest(TestUtil.java:64)
at com.util.WebEventListener.onException(WebEventListener.java:57)
at sun.reflect.GeneratedMethodAccessor13.invoke(Unknown Source)
at sun.reflect.DelegatingMethodAccessorImpl.invoke(Unknown Source)
at java.lang.reflect.Method.invoke(Unknown Source)
at org.openqa.selenium.support.events.EventFiringWebDriver.lambda$new$0(EventFiringWebDriver.java:82)
at com.sun.proxy.$Proxy9.onException(Unknown Source)
at org.openqa.selenium.support.events.EventFiringWebDriver.lambda$new$1(EventFiringWebDriver.java:105)
at com.sun.proxy.$Proxy10.getScreenshotAs(Unknown Source)
at org.openqa.selenium.support.events.EventFiringWebDriver.getScreenshotAs(EventFiringWebDriver.java:285)
at com.util.TestUtil.takeScreenshotAtEndOfTest(TestUtil.java:64)
at com.util.WebEventListener.onException(WebEventListener.java:57)
at sun.reflect.GeneratedMethodAccessor13.invoke(Unknown Source)
at sun.reflect.DelegatingMethodAccessorImpl.invoke(Unknown Source)
at java.lang.reflect.Method.invoke(Unknown Source)
at org.openqa.selenium.support.events.EventFiringWebDriver.lambda$new$0(EventFiringWebDriver.java:82)
at com.sun.proxy.$Proxy9.onException(Unknown Source)
at org.openqa.selenium.support.events.EventFiringWebDriver.lambda$new$1(EventFiringWebDriver.java:105)
at com.sun.proxy.$Proxy10.getScreenshotAs(Unknown Source)
at org.openqa.selenium.support.events.EventFiringWebDriver.getScreenshotAs(EventFiringWebDriver.java:285)
at com.util.TestUtil.takeScreenshotAtEndOfTest(TestUtil.java:64)
at com.util.WebEventListener.onException(WebEventListener.java:57)
at sun.reflect.GeneratedMethodAccessor13.invoke(Unknown Source)
at sun.reflect.DelegatingMethodAccessorImpl.invoke(Unknown Source)
at java.lang.reflect.Method.invoke(Unknown Source)
at org.openqa.selenium.support.events.EventFiringWebDriver.lambda$new$0(EventFiringWebDriver.java:82)
at com.sun.proxy.$Proxy9.onException(Unknown Source)
at org.openqa.selenium.support.events.EventFiringWebDriver.lambda$new$1(EventFiringWebDriver.java:105)
at com.sun.proxy.$Proxy10.getScreenshotAs(Unknown Source)
at org.openqa.selenium.support.events.EventFiringWebDriver.getScreenshotAs(EventFiringWebDriver.java:285)
at com.util.TestUtil.takeScreenshotAtEndOfTest(TestUtil.java:64)
at com.util.WebEventListener.onException(WebEventListener.java:57)
at sun.reflect.GeneratedMethodAccessor13.invoke(Unknown Source)
at sun.reflect.DelegatingMethodAccessorImpl.invoke(Unknown Source)
at java.lang.reflect.Method.invoke(Unknown Source)
at org.openqa.selenium.support.events.EventFiringWebDriver.lambda$new$0(EventFiringWebDriver.java:82)
at com.sun.proxy.$Proxy9.onException(Unknown Source)
at org.openqa.selenium.support.events.EventFiringWebDriver.lambda$new$1(EventFiringWebDriver.java:105)
at com.sun.proxy.$Proxy10.getScreenshotAs(Unknown Source)
at org.openqa.selenium.support.events.EventFiringWebDriver.getScreenshotAs(EventFiringWebDriver.java:285)
at com.util.TestUtil.takeScreenshotAtEndOfTest(TestUtil.java:64)
at com.util.WebEventListener.onException(WebEventListener.java:57)
at sun.reflect.GeneratedMethodAccessor13.invoke(Unknown Source)
at sun.reflect.DelegatingMethodAccessorImpl.invoke(Unknown Source)
at java.lang.reflect.Method.invoke(Unknown Source)
at org.openqa.selenium.support.events.EventFiringWebDriver.lambda$new$0(EventFiringWebDriver.java:82)
at com.sun.proxy.$Proxy9.onException(Unknown Source)
at org.openqa.selenium.support.events.EventFiringWebDriver.lambda$new$1(EventFiringWebDriver.java:105)
at com.sun.proxy.$Proxy10.getScreenshotAs(Unknown Source)
at org.openqa.selenium.support.events.EventFiringWebDriver.getScreenshotAs(EventFiringWebDriver.java:285)
at com.util.TestUtil.takeScreenshotAtEndOfTest(TestUtil.java:64)
at com.util.WebEventListener.onException(WebEventListener.java:57)
at sun.reflect.GeneratedMethodAccessor13.invoke(Unknown Source)
at sun.reflect.DelegatingMethodAccessorImpl.invoke(Unknown Source)
at java.lang.reflect.Method.invoke(Unknown Source)
at org.openqa.selenium.support.events.EventFiringWebDriver.lambda$new$0(EventFiringWebDriver.java:82)
at com.sun.proxy.$Proxy9.onException(Unknown Source)
at org.openqa.selenium.support.events.EventFiringWebDriver.lambda$new$1(EventFiringWebDriver.java:105)
at com.sun.proxy.$Proxy10.getScreenshotAs(Unknown Source)
at org.openqa.selenium.support.events.EventFiringWebDriver.getScreenshotAs(EventFiringWebDriver.java:285)
at com.util.TestUtil.takeScreenshotAtEndOfTest(TestUtil.java:64)
at com.util.WebEventListener.onException(WebEventListener.java:57)
at sun.reflect.GeneratedMethodAccessor13.invoke(Unknown Source)
at sun.reflect.DelegatingMethodAccessorImpl.invoke(Unknown Source)
at java.lang.reflect.Method.invoke(Unknown Source)
at org.openqa.selenium.support.events.EventFiringWebDriver.lambda$new$0(EventFiringWebDriver.java:82)
at com.sun.proxy.$Proxy9.onException(Unknown Source)
at org.openqa.selenium.support.events.EventFiringWebDriver.lambda$new$1(EventFiringWebDriver.java:105)
at com.sun.proxy.$Proxy10.getScreenshotAs(Unknown Source)
at org.openqa.selenium.support.events.EventFiringWebDriver.getScreenshotAs(EventFiringWebDriver.java:285)
at com.util.TestUtil.takeScreenshotAtEndOfTest(TestUtil.java:64)
at com.util.WebEventListener.onException(WebEventListener.java:57)
at sun.reflect.GeneratedMethodAccessor13.invoke(Unknown Source)
at sun.reflect.DelegatingMethodAccessorImpl.invoke(Unknown Source)
at java.lang.reflect.Method.invoke(Unknown Source)
at org.openqa.selenium.support.events.EventFiringWebDriver.lambda$new$0(EventFiringWebDriver.java:82)
at com.sun.proxy.$Proxy9.onException(Unknown Source)
at org.openqa.selenium.support.events.EventFiringWebDriver.lambda$new$1(EventFiringWebDriver.java:105)
at com.sun.proxy.$Proxy10.getScreenshotAs(Unknown Source)
at org.openqa.selenium.support.events.EventFiringWebDriver.getScreenshotAs(EventFiringWebDriver.java:285)
at com.util.TestUtil.takeScreenshotAtEndOfTest(TestUtil.java:64)
at com.util.WebEventListener.onException(WebEventListener.java:57)
at sun.reflect.GeneratedMethodAccessor13.invoke(Unknown Source)
at sun.reflect.DelegatingMethodAccessorImpl.invoke(Unknown Source)
at java.lang.reflect.Method.invoke(Unknown Source)
at org.openqa.selenium.support.events.EventFiringWebDriver.lambda$new$0(EventFiringWebDriver.java:82)
at com.sun.proxy.$Proxy9.onException(Unknown Source)
at org.openqa.selenium.support.events.EventFiringWebDriver.lambda$new$1(EventFiringWebDriver.java:105)
at com.sun.proxy.$Proxy10.getScreenshotAs(Unknown Source)
at org.openqa.selenium.support.events.EventFiringWebDriver.getScreenshotAs(EventFiringWebDriver.java:285)
at com.util.TestUtil.takeScreenshotAtEndOfTest(TestUtil.java:64)
at com.util.WebEventListener.onException(WebEventListener.java:57)
at sun.reflect.GeneratedMethodAccessor13.invoke(Unknown Source)
at sun.reflect.DelegatingMethodAccessorImpl.invoke(Unknown Source)
at java.lang.reflect.Method.invoke(Unknown Source)
at org.openqa.selenium.support.events.EventFiringWebDriver.lambda$new$0(EventFiringWebDriver.java:82)
at com.sun.proxy.$Proxy9.onException(Unknown Source)
at org.openqa.selenium.support.events.EventFiringWebDriver.lambda$new$1(EventFiringWebDriver.java:105)
at com.sun.proxy.$Proxy10.getScreenshotAs(Unknown Source)
at org.openqa.selenium.support.events.EventFiringWebDriver.getScreenshotAs(EventFiringWebDriver.java:285)
at com.util.TestUtil.takeScreenshotAtEndOfTest(TestUtil.java:64)
at com.util.WebEventListener.onException(WebEventListener.java:57)
at sun.reflect.GeneratedMethodAccessor13.invoke(Unknown Source)
at sun.reflect.DelegatingMethodAccessorImpl.invoke(Unknown Source)
at java.lang.reflect.Method.invoke(Unknown Source)
at org.openqa.selenium.support.events.EventFiringWebDriver.lambda$new$0(EventFiringWebDriver.java:82)
at com.sun.proxy.$Proxy9.onException(Unknown Source)
at org.openqa.selenium.support.events.EventFiringWebDriver.lambda$new$1(EventFiringWebDriver.java:105)
at com.sun.proxy.$Proxy10.getScreenshotAs(Unknown Source)
at org.openqa.selenium.support.events.EventFiringWebDriver.getScreenshotAs(EventFiringWebDriver.java:285)
at com.util.TestUtil.takeScreenshotAtEndOfTest(TestUtil.java:64)
at com.util.WebEventListener.onException(WebEventListener.java:57)
at sun.reflect.GeneratedMethodAccessor13.invoke(Unknown Source)
at sun.reflect.DelegatingMethodAccessorImpl.invoke(Unknown Source)
at java.lang.reflect.Method.invoke(Unknown Source)
at org.openqa.selenium.support.events.EventFiringWebDriver.lambda$new$0(EventFiringWebDriver.java:82)
at com.sun.proxy.$Proxy9.onException(Unknown Source)
at org.openqa.selenium.support.events.EventFiringWebDriver.lambda$new$1(EventFiringWebDriver.java:105)
at com.sun.proxy.$Proxy10.getScreenshotAs(Unknown Source)
at org.openqa.selenium.support.events.EventFiringWebDriver.getScreenshotAs(EventFiringWebDriver.java:285)
at com.util.TestUtil.takeScreenshotAtEndOfTest(TestUtil.java:64)
at com.util.WebEventListener.onException(WebEventListener.java:57)
at sun.reflect.GeneratedMethodAccessor13.invoke(Unknown Source)
at sun.reflect.DelegatingMethodAccessorImpl.invoke(Unknown Source)
at java.lang.reflect.Method.invoke(Unknown Source)
at org.openqa.selenium.support.events.EventFiringWebDriver.lambda$new$0(EventFiringWebDriver.java:82)
at com.sun.proxy.$Proxy9.onException(Unknown Source)
at org.openqa.selenium.support.events.EventFiringWebDriver.lambda$new$1(EventFiringWebDriver.java:105)
at com.sun.proxy.$Proxy10.getScreenshotAs(Unknown Source)
at org.openqa.selenium.support.events.EventFiringWebDriver.getScreenshotAs(EventFiringWebDriver.java:285)
at com.util.TestUtil.takeScreenshotAtEndOfTest(TestUtil.java:64)
at com.util.WebEventListener.onException(WebEventListener.java:57)
at sun.reflect.GeneratedMethodAccessor13.invoke(Unknown Source)
at sun.reflect.DelegatingMethodAccessorImpl.invoke(Unknown Source)
at java.lang.reflect.Method.invoke(Unknown Source)
at org.openqa.selenium.support.events.EventFiringWebDriver.lambda$new$0(EventFiringWebDriver.java:82)
at com.sun.proxy.$Proxy9.onException(Unknown Source)
at org.openqa.selenium.support.events.EventFiringWebDriver.lambda$new$1(EventFiringWebDriver.java:105)
at com.sun.proxy.$Proxy10.getScreenshotAs(Unknown Source)
at org.openqa.selenium.support.events.EventFiringWebDriver.getScreenshotAs(EventFiringWebDriver.java:285)
at com.util.TestUtil.takeScreenshotAtEndOfTest(TestUtil.java:64)
at com.util.WebEventListener.onException(WebEventListener.java:57)
at sun.reflect.GeneratedMethodAccessor13.invoke(Unknown Source)
at sun.reflect.DelegatingMethodAccessorImpl.invoke(Unknown Source)
at java.lang.reflect.Method.invoke(Unknown Source)
at org.openqa.selenium.support.events.EventFiringWebDriver.lambda$new$0(EventFiringWebDriver.java:82)
at com.sun.proxy.$Proxy9.onException(Unknown Source)
at org.openqa.selenium.support.events.EventFiringWebDriver.lambda$new$1(EventFiringWebDriver.java:105)
at com.sun.proxy.$Proxy10.getScreenshotAs(Unknown Source)
at org.openqa.selenium.support.events.EventFiringWebDriver.getScreenshotAs(EventFiringWebDriver.java:285)
at com.util.TestUtil.takeScreenshotAtEndOfTest(TestUtil.java:64)
at com.util.WebEventListener.onException(WebEventListener.java:57)
at sun.reflect.GeneratedMethodAccessor13.invoke(Unknown Source)
at sun.reflect.DelegatingMethodAccessorImpl.invoke(Unknown Source)
at java.lang.reflect.Method.invoke(Unknown Source)
at org.openqa.selenium.support.events.EventFiringWebDriver.lambda$new$0(EventFiringWebDriver.java:82)
at com.sun.proxy.$Proxy9.onException(Unknown Source)
at org.openqa.selenium.support.events.EventFiringWebDriver.lambda$new$1(EventFiringWebDriver.java:105)
at com.sun.proxy.$Proxy10.getScreenshotAs(Unknown Source)
at org.openqa.selenium.support.events.EventFiringWebDriver.getScreenshotAs(EventFiringWebDriver.java:285)
at com.util.TestUtil.takeScreenshotAtEndOfTest(TestUtil.java:64)
at com.util.WebEventListener.onException(WebEventListener.java:57)
at sun.reflect.GeneratedMethodAccessor13.invoke(Unknown Source)
at sun.reflect.DelegatingMethodAccessorImpl.invoke(Unknown Source)
at java.lang.reflect.Method.invoke(Unknown Source)
at org.openqa.selenium.support.events.EventFiringWebDriver.lambda$new$0(EventFiringWebDriver.java:82)
at com.sun.proxy.$Proxy9.onException(Unknown Source)
at org.openqa.selenium.support.events.EventFiringWebDriver.lambda$new$1(EventFiringWebDriver.java:105)
at com.sun.proxy.$Proxy10.getScreenshotAs(Unknown Source)
at org.openqa.selenium.support.events.EventFiringWebDriver.getScreenshotAs(EventFiringWebDriver.java:285)
at com.util.TestUtil.takeScreenshotAtEndOfTest(TestUtil.java:64)
at com.util.WebEventListener.onException(WebEventListener.java:57)
at sun.reflect.GeneratedMethodAccessor13.invoke(Unknown Source)
at sun.reflect.DelegatingMethodAccessorImpl.invoke(Unknown Source)
at java.lang.reflect.Method.invoke(Unknown Source)
at org.openqa.selenium.support.events.EventFiringWebDriver.lambda$new$0(EventFiringWebDriver.java:82)
at com.sun.proxy.$Proxy9.onException(Unknown Source)
at org.openqa.selenium.support.events.EventFiringWebDriver.lambda$new$1(EventFiringWebDriver.java:105)
at com.sun.proxy.$Proxy10.getScreenshotAs(Unknown Source)
at org.openqa.selenium.support.events.EventFiringWebDriver.getScreenshotAs(EventFiringWebDriver.java:285)
at com.util.TestUtil.takeScreenshotAtEndOfTest(TestUtil.java:64)
at com.util.WebEventListener.onException(WebEventListener.java:57)
at sun.reflect.GeneratedMethodAccessor13.invoke(Unknown Source)
at sun.reflect.DelegatingMethodAccessorImpl.invoke(Unknown Source)
at java.lang.reflect.Method.invoke(Unknown Source)
at org.openqa.selenium.support.events.EventFiringWebDriver.lambda$new$0(EventFiringWebDriver.java:82)
at com.sun.proxy.$Proxy9.onException(Unknown Source)
at org.openqa.selenium.support.events.EventFiringWebDriver.lambda$new$1(EventFiringWebDriver.java:105)
at com.sun.proxy.$Proxy10.getScreenshotAs(Unknown Source)
at org.openqa.selenium.support.events.EventFiringWebDriver.getScreenshotAs(EventFiringWebDriver.java:285)
at com.util.TestUtil.takeScreenshotAtEndOfTest(TestUtil.java:64)
at com.util.WebEventListener.onException(WebEventListener.java:57)
at sun.reflect.GeneratedMethodAccessor13.invoke(Unknown Source)
at sun.reflect.DelegatingMethodAccessorImpl.invoke(Unknown Source)
at java.lang.reflect.Method.invoke(Unknown Source)
at org.openqa.selenium.support.events.EventFiringWebDriver.lambda$new$0(EventFiringWebDriver.java:82)
at com.sun.proxy.$Proxy9.onException(Unknown Source)
at org.openqa.selenium.support.events.EventFiringWebDriver.lambda$new$1(EventFiringWebDriver.java:105)
at com.sun.proxy.$Proxy10.getScreenshotAs(Unknown Source)
at org.openqa.selenium.support.events.EventFiringWebDriver.getScreenshotAs(EventFiringWebDriver.java:285)
at com.util.TestUtil.takeScreenshotAtEndOfTest(TestUtil.java:64)
at com.util.WebEventListener.onException(WebEventListener.java:57)
at sun.reflect.GeneratedMethodAccessor13.invoke(Unknown Source)
at sun.reflect.DelegatingMethodAccessorImpl.invoke(Unknown Source)
at java.lang.reflect.Method.invoke(Unknown Source)
at org.openqa.selenium.support.events.EventFiringWebDriver.lambda$new$0(EventFiringWebDriver.java:82)
at com.sun.proxy.$Proxy9.onException(Unknown Source)
at org.openqa.selenium.support.events.EventFiringWebDriver.lambda$new$1(EventFiringWebDriver.java:105)
at com.sun.proxy.$Proxy10.getScreenshotAs(Unknown Source)
at org.openqa.selenium.support.events.EventFiringWebDriver.getScreenshotAs(EventFiringWebDriver.java:285)
at com.util.TestUtil.takeScreenshotAtEndOfTest(TestUtil.java:64)
at com.util.WebEventListener.onException(WebEventListener.java:57)
at sun.reflect.GeneratedMethodAccessor13.invoke(Unknown Source)
at sun.reflect.DelegatingMethodAccessorImpl.invoke(Unknown Source)
at java.lang.reflect.Method.invoke(Unknown Source)
at org.openqa.selenium.support.events.EventFiringWebDriver.lambda$new$0(EventFiringWebDriver.java:82)
at com.sun.proxy.$Proxy9.onException(Unknown Source)
at org.openqa.selenium.support.events.EventFiringWebDriver.lambda$new$1(EventFiringWebDriver.java:105)
at com.sun.proxy.$Proxy10.getScreenshotAs(Unknown Source)
at org.openqa.selenium.support.events.EventFiringWebDriver.getScreenshotAs(EventFiringWebDriver.java:285)
at com.util.TestUtil.takeScreenshotAtEndOfTest(TestUtil.java:64)
at com.util.WebEventListener.onException(WebEventListener.java:57)
at sun.reflect.GeneratedMethodAccessor13.invoke(Unknown Source)
at sun.reflect.DelegatingMethodAccessorImpl.invoke(Unknown Source)
at java.lang.reflect.Method.invoke(Unknown Source)
at org.openqa.selenium.support.events.EventFiringWebDriver.lambda$new$0(EventFiringWebDriver.java:82)
at com.sun.proxy.$Proxy9.onException(Unknown Source)
at org.openqa.selenium.support.events.EventFiringWebDriver.lambda$new$1(EventFiringWebDriver.java:105)
at com.sun.proxy.$Proxy10.getScreenshotAs(Unknown Source)
at org.openqa.selenium.support.events.EventFiringWebDriver.getScreenshotAs(EventFiringWebDriver.java:285)
at com.util.TestUtil.takeScreenshotAtEndOfTest(TestUtil.java:64)
at com.util.WebEventListener.onException(WebEventListener.java:57)
at sun.reflect.GeneratedMethodAccessor13.invoke(Unknown Source)
at sun.reflect.DelegatingMethodAccessorImpl.invoke(Unknown Source)
at java.lang.reflect.Method.invoke(Unknown Source)
at org.openqa.selenium.support.events.EventFiringWebDriver.lambda$new$0(EventFiringWebDriver.java:82)
at com.sun.proxy.$Proxy9.onException(Unknown Source)
at org.openqa.selenium.support.events.EventFiringWebDriver.lambda$new$1(EventFiringWebDriver.java:105)
at com.sun.proxy.$Proxy10.getScreenshotAs(Unknown Source)
at org.openqa.selenium.support.events.EventFiringWebDriver.getScreenshotAs(EventFiringWebDriver.java:285)
at com.util.TestUtil.takeScreenshotAtEndOfTest(TestUtil.java:64)
at com.util.WebEventListener.onException(WebEventListener.java:57)
at sun.reflect.GeneratedMethodAccessor13.invoke(Unknown Source)
at sun.reflect.DelegatingMethodAccessorImpl.invoke(Unknown Source)
at java.lang.reflect.Method.invoke(Unknown Source)
at org.openqa.selenium.support.events.EventFiringWebDriver.lambda$new$0(EventFiringWebDriver.java:82)
at com.sun.proxy.$Proxy9.onException(Unknown Source)
at org.openqa.selenium.support.events.EventFiringWebDriver.lambda$new$1(EventFiringWebDriver.java:105)
at com.sun.proxy.$Proxy10.getScreenshotAs(Unknown Source)
at org.openqa.selenium.support.events.EventFiringWebDriver.getScreenshotAs(EventFiringWebDriver.java:285)
at com.util.TestUtil.takeScreenshotAtEndOfTest(TestUtil.java:64)
at com.util.WebEventListener.onException(WebEventListener.java:57)
at sun.reflect.GeneratedMethodAccessor13.invoke(Unknown Source)
at sun.reflect.DelegatingMethodAccessorImpl.invoke(Unknown Source)
at java.lang.reflect.Method.invoke(Unknown Source)
at org.openqa.selenium.support.events.EventFiringWebDriver.lambda$new$0(EventFiringWebDriver.java:82)
at com.sun.proxy.$Proxy9.onException(Unknown Source)
at org.openqa.selenium.support.events.EventFiringWebDriver.lambda$new$1(EventFiringWebDriver.java:105)
at com.sun.proxy.$Proxy10.getScreenshotAs(Unknown Source)
at org.openqa.selenium.support.events.EventFiringWebDriver.getScreenshotAs(EventFiringWebDriver.java:285)
at com.util.TestUtil.takeScreenshotAtEndOfTest(TestUtil.java:64)
at com.util.WebEventListener.onException(WebEventListener.java:57)
at sun.reflect.GeneratedMethodAccessor13.invoke(Unknown Source)
at sun.reflect.DelegatingMethodAccessorImpl.invoke(Unknown Source)
at java.lang.reflect.Method.invoke(Unknown Source)
at org.openqa.selenium.support.events.EventFiringWebDriver.lambda$new$0(EventFiringWebDriver.java:82)
at com.sun.proxy.$Proxy9.onException(Unknown Source)
at org.openqa.selenium.support.events.EventFiringWebDriver.lambda$new$1(EventFiringWebDriver.java:105)
at com.sun.proxy.$Proxy10.getScreenshotAs(Unknown Source)
at org.openqa.selenium.support.events.EventFiringWebDriver.getScreenshotAs(EventFiringWebDriver.java:285)
at com.util.TestUtil.takeScreenshotAtEndOfTest(TestUtil.java:64)
at com.util.WebEventListener.onException(WebEventListener.java:57)
at sun.reflect.GeneratedMethodAccessor13.invoke(Unknown Source)
at sun.reflect.DelegatingMethodAccessorImpl.invoke(Unknown Source)
at java.lang.reflect.Method.invoke(Unknown Source)
at org.openqa.selenium.support.events.EventFiringWebDriver.lambda$new$0(EventFiringWebDriver.java:82)
at com.sun.proxy.$Proxy9.onException(Unknown Source)
at org.openqa.selenium.support.events.EventFiringWebDriver.lambda$new$1(EventFiringWebDriver.java:105)
at com.sun.proxy.$Proxy10.getScreenshotAs(Unknown Source)
at org.openqa.selenium.support.events.EventFiringWebDriver.getScreenshotAs(EventFiringWebDriver.java:285)
at com.util.TestUtil.takeScreenshotAtEndOfTest(TestUtil.java:64)
at com.util.WebEventListener.onException(WebEventListener.java:57)
at sun.reflect.GeneratedMethodAccessor13.invoke(Unknown Source)
at sun.reflect.DelegatingMethodAccessorImpl.invoke(Unknown Source)
at java.lang.reflect.Method.invoke(Unknown Source)
at org.openqa.selenium.support.events.EventFiringWebDriver.lambda$new$0(EventFiringWebDriver.java:82)
at com.sun.proxy.$Proxy9.onException(Unknown Source)
at org.openqa.selenium.support.events.EventFiringWebDriver.lambda$new$1(EventFiringWebDriver.java:105)
at com.sun.proxy.$Proxy10.getScreenshotAs(Unknown Source)
at org.openqa.selenium.support.events.EventFiringWebDriver.getScreenshotAs(EventFiringWebDriver.java:285)
at com.util.TestUtil.takeScreenshotAtEndOfTest(TestUtil.java:64)
at com.util.WebEventListener.onException(WebEventListener.java:57)
at sun.reflect.GeneratedMethodAccessor13.invoke(Unknown Source)
at sun.reflect.DelegatingMethodAccessorImpl.invoke(Unknown Source)
at java.lang.reflect.Method.invoke(Unknown Source)
at org.openqa.selenium.support.events.EventFiringWebDriver.lambda$new$0(EventFiringWebDriver.java:82)
at com.sun.proxy.$Proxy9.onException(Unknown Source)
at org.openqa.selenium.support.events.EventFiringWebDriver.lambda$new$1(EventFiringWebDriver.java:105)
at com.sun.proxy.$Proxy10.getScreenshotAs(Unknown Source)
at org.openqa.selenium.support.events.EventFiringWebDriver.getScreenshotAs(EventFiringWebDriver.java:285)
at com.util.TestUtil.takeScreenshotAtEndOfTest(TestUtil.java:64)
at com.util.WebEventListener.onException(WebEventListener.java:57)
at sun.reflect.GeneratedMethodAccessor13.invoke(Unknown Source)
at sun.reflect.DelegatingMethodAccessorImpl.invoke(Unknown Source)
at java.lang.reflect.Method.invoke(Unknown Source)
at org.openqa.selenium.support.events.EventFiringWebDriver.lambda$new$0(EventFiringWebDriver.java:82)
at com.sun.proxy.$Proxy9.onException(Unknown Source)
at org.openqa.selenium.support.events.EventFiringWebDriver.lambda$new$1(EventFiringWebDriver.java:105)
at com.sun.proxy.$Proxy10.getScreenshotAs(Unknown Source)
at org.openqa.selenium.support.events.EventFiringWebDriver.getScreenshotAs(EventFiringWebDriver.java:285)
at com.util.TestUtil.takeScreenshotAtEndOfTest(TestUtil.java:64)
at com.util.WebEventListener.onException(WebEventListener.java:57)
at sun.reflect.GeneratedMethodAccessor13.invoke(Unknown Source)
at sun.reflect.DelegatingMethodAccessorImpl.invoke(Unknown Source)
at java.lang.reflect.Method.invoke(Unknown Source)
at org.openqa.selenium.support.events.EventFiringWebDriver.lambda$new$0(EventFiringWebDriver.java:82)
at com.sun.proxy.$Proxy9.onException(Unknown Source)
at org.openqa.selenium.support.events.EventFiringWebDriver.lambda$new$1(EventFiringWebDriver.java:105)
at com.sun.proxy.$Proxy10.getScreenshotAs(Unknown Source)
at org.openqa.selenium.support.events.EventFiringWebDriver.getScreenshotAs(EventFiringWebDriver.java:285)
at com.util.TestUtil.takeScreenshotAtEndOfTest(TestUtil.java:64)
at com.util.WebEventListener.onException(WebEventListener.java:57)
at sun.reflect.GeneratedMethodAccessor13.invoke(Unknown Source)
at sun.reflect.DelegatingMethodAccessorImpl.invoke(Unknown Source)
at java.lang.reflect.Method.invoke(Unknown Source)
at org.openqa.selenium.support.events.EventFiringWebDriver.lambda$new$0(EventFiringWebDriver.java:82)
at com.sun.proxy.$Proxy9.onException(Unknown Source)
at org.openqa.selenium.support.events.EventFiringWebDriver.lambda$new$1(EventFiringWebDriver.java:105)
at com.sun.proxy.$Proxy10.getScreenshotAs(Unknown Source)
at org.openqa.selenium.support.events.EventFiringWebDriver.getScreenshotAs(EventFiringWebDriver.java:285)
at com.util.TestUtil.takeScreenshotAtEndOfTest(TestUtil.java:64)
at com.util.WebEventListener.onException(WebEventListener.java:57)
at sun.reflect.GeneratedMethodAccessor13.invoke(Unknown Source)
at sun.reflect.DelegatingMethodAccessorImpl.invoke(Unknown Source)
at java.lang.reflect.Method.invoke(Unknown Source)
at org.openqa.selenium.support.events.EventFiringWebDriver.lambda$new$0(EventFiringWebDriver.java:82)
at com.sun.proxy.$Proxy9.onException(Unknown Source)
at org.openqa.selenium.support.events.EventFiringWebDriver.lambda$new$1(EventFiringWebDriver.java:105)
at com.sun.proxy.$Proxy10.getScreenshotAs(Unknown Source)
at org.openqa.selenium.support.events.EventFiringWebDriver.getScreenshotAs(EventFiringWebDriver.java:285)
at com.util.TestUtil.takeScreenshotAtEndOfTest(TestUtil.java:64)
at com.util.WebEventListener.onException(WebEventListener.java:57)
at sun.reflect.GeneratedMethodAccessor13.invoke(Unknown Source)
at sun.reflect.DelegatingMethodAccessorImpl.invoke(Unknown Source)
at java.lang.reflect.Method.invoke(Unknown Source)
at org.openqa.selenium.support.events.EventFiringWebDriver.lambda$new$0(EventFiringWebDriver.java:82)
at com.sun.proxy.$Proxy9.onException(Unknown Source)
at org.openqa.selenium.support.events.EventFiringWebDriver.lambda$new$1(EventFiringWebDriver.java:105)
at com.sun.proxy.$Proxy10.getScreenshotAs(Unknown Source)
at org.openqa.selenium.support.events.EventFiringWebDriver.getScreenshotAs(EventFiringWebDriver.java:285)
at com.util.TestUtil.takeScreenshotAtEndOfTest(TestUtil.java:64)
at com.util.WebEventListener.onException(WebEventListener.java:57)
at sun.reflect.GeneratedMethodAccessor13.invoke(Unknown Source)
at sun.reflect.DelegatingMethodAccessorImpl.invoke(Unknown Source)
at java.lang.reflect.Method.invoke(Unknown Source)
at org.openqa.selenium.support.events.EventFiringWebDriver.lambda$new$0(EventFiringWebDriver.java:82)
at com.sun.proxy.$Proxy9.onException(Unknown Source)
at org.openqa.selenium.support.events.EventFiringWebDriver.lambda$new$1(EventFiringWebDriver.java:105)
at com.sun.proxy.$Proxy10.getScreenshotAs(Unknown Source)
at org.openqa.selenium.support.events.EventFiringWebDriver.getScreenshotAs(EventFiringWebDriver.java:285)
at com.util.TestUtil.takeScreenshotAtEndOfTest(TestUtil.java:64)
at com.util.WebEventListener.onException(WebEventListener.java:57)
at sun.reflect.GeneratedMethodAccessor13.invoke(Unknown Source)
at sun.reflect.DelegatingMethodAccessorImpl.invoke(Unknown Source)
at java.lang.reflect.Method.invoke(Unknown Source)
at org.openqa.selenium.support.events.EventFiringWebDriver.lambda$new$0(EventFiringWebDriver.java:82)
at com.sun.proxy.$Proxy9.onException(Unknown Source)
at org.openqa.selenium.support.events.EventFiringWebDriver.lambda$new$1(EventFiringWebDriver.java:105)
at com.sun.proxy.$Proxy10.getScreenshotAs(Unknown Source)
at org.openqa.selenium.support.events.EventFiringWebDriver.getScreenshotAs(EventFiringWebDriver.java:285)
at com.util.TestUtil.takeScreenshotAtEndOfTest(TestUtil.java:64)
at com.util.WebEventListener.onException(WebEventListener.java:57)
at sun.reflect.GeneratedMethodAccessor13.invoke(Unknown Source)
at sun.reflect.DelegatingMethodAccessorImpl.invoke(Unknown Source)
at java.lang.reflect.Method.invoke(Unknown Source)
at org.openqa.selenium.support.events.EventFiringWebDriver.lambda$new$0(EventFiringWebDriver.java:82)
at com.sun.proxy.$Proxy9.onException(Unknown Source)
at org.openqa.selenium.support.events.EventFiringWebDriver.lambda$new$1(EventFiringWebDriver.java:105)
at com.sun.proxy.$Proxy10.getScreenshotAs(Unknown Source)
at org.openqa.selenium.support.events.EventFiringWebDriver.getScreenshotAs(EventFiringWebDriver.java:285)
at com.util.TestUtil.takeScreenshotAtEndOfTest(TestUtil.java:64)
at com.util.WebEventListener.onException(WebEventListener.java:57)
at sun.reflect.GeneratedMethodAccessor13.invoke(Unknown Source)
at sun.reflect.DelegatingMethodAccessorImpl.invoke(Unknown Source)
at java.lang.reflect.Method.invoke(Unknown Source)
at org.openqa.selenium.support.events.EventFiringWebDriver.lambda$new$0(EventFiringWebDriver.java:82)
at com.sun.proxy.$Proxy9.onException(Unknown Source)
at org.openqa.selenium.support.events.EventFiringWebDriver.lambda$new$1(EventFiringWebDriver.java:105)
at com.sun.proxy.$Proxy10.getScreenshotAs(Unknown Source)
at org.openqa.selenium.support.events.EventFiringWebDriver.getScreenshotAs(EventFiringWebDriver.java:285)
at com.util.TestUtil.takeScreenshotAtEndOfTest(TestUtil.java:64)
at com.util.WebEventListener.onException(WebEventListener.java:57)
at sun.reflect.GeneratedMethodAccessor13.invoke(Unknown Source)
at sun.reflect.DelegatingMethodAccessorImpl.invoke(Unknown Source)
at java.lang.reflect.Method.invoke(Unknown Source)
at org.openqa.selenium.support.events.EventFiringWebDriver.lambda$new$0(EventFiringWebDriver.java:82)
at com.sun.proxy.$Proxy9.onException(Unknown Source)
at org.openqa.selenium.support.events.EventFiringWebDriver.lambda$new$1(EventFiringWebDriver.java:105)
at com.sun.proxy.$Proxy10.getScreenshotAs(Unknown Source)
at org.openqa.selenium.support.events.EventFiringWebDriver.getScreenshotAs(EventFiringWebDriver.java:285)
at com.util.TestUtil.takeScreenshotAtEndOfTest(TestUtil.java:64)
at com.util.WebEventListener.onException(WebEventListener.java:57)
at sun.reflect.GeneratedMethodAccessor13.invoke(Unknown Source)
at sun.reflect.DelegatingMethodAccessorImpl.invoke(Unknown Source)
at java.lang.reflect.Method.invoke(Unknown Source)
at org.openqa.selenium.support.events.EventFiringWebDriver.lambda$new$0(EventFiringWebDriver.java:82)
at com.sun.proxy.$Proxy9.onException(Unknown Source)
at org.openqa.selenium.support.events.EventFiringWebDriver.lambda$new$1(EventFiringWebDriver.java:105)
at com.sun.proxy.$Proxy10.getScreenshotAs(Unknown Source)
at org.openqa.selenium.support.events.EventFiringWebDriver.getScreenshotAs(EventFiringWebDriver.java:285)
at com.util.TestUtil.takeScreenshotAtEndOfTest(TestUtil.java:64)
at com.util.WebEventListener.onException(WebEventListener.java:57)
at sun.reflect.GeneratedMethodAccessor13.invoke(Unknown Source)
at sun.reflect.DelegatingMethodAccessorImpl.invoke(Unknown Source)
at java.lang.reflect.Method.invoke(Unknown Source)
at org.openqa.selenium.support.events.EventFiringWebDriver.lambda$new$0(EventFiringWebDriver.java:82)
at com.sun.proxy.$Proxy9.onException(Unknown Source)
at org.openqa.selenium.support.events.EventFiringWebDriver.lambda$new$1(EventFiringWebDriver.java:105)
at com.sun.proxy.$Proxy10.getScreenshotAs(Unknown Source)
at org.openqa.selenium.support.events.EventFiringWebDriver.getScreenshotAs(EventFiringWebDriver.java:285)
at com.util.TestUtil.takeScreenshotAtEndOfTest(TestUtil.java:64)
at com.util.WebEventListener.onException(WebEventListener.java:57)
at sun.reflect.GeneratedMethodAccessor13.invoke(Unknown Source)
at sun.reflect.DelegatingMethodAccessorImpl.invoke(Unknown Source)
at java.lang.reflect.Method.invoke(Unknown Source)
at org.openqa.selenium.support.events.EventFiringWebDriver.lambda$new$0(EventFiringWebDriver.java:82)
at com.sun.proxy.$Proxy9.onException(Unknown Source)
at org.openqa.selenium.support.events.EventFiringWebDriver.lambda$new$1(EventFiringWebDriver.java:105)
at com.sun.proxy.$Proxy10.getScreenshotAs(Unknown Source)
at org.openqa.selenium.support.events.EventFiringWebDriver.getScreenshotAs(EventFiringWebDriver.java:285)
at com.util.TestUtil.takeScreenshotAtEndOfTest(TestUtil.java:64)
at com.util.WebEventListener.onException(WebEventListener.java:57)
at sun.reflect.GeneratedMethodAccessor13.invoke(Unknown Source)
at sun.reflect.DelegatingMethodAccessorImpl.invoke(Unknown Source)
at java.lang.reflect.Method.invoke(Unknown Source)
at org.openqa.selenium.support.events.EventFiringWebDriver.lambda$new$0(EventFiringWebDriver.java:82)
at com.sun.proxy.$Proxy9.onException(Unknown Source)
at org.openqa.selenium.support.events.EventFiringWebDriver.lambda$new$1(EventFiringWebDriver.java:105)
at com.sun.proxy.$Proxy10.getScreenshotAs(Unknown Source)
at org.openqa.selenium.support.events.EventFiringWebDriver.getScreenshotAs(EventFiringWebDriver.java:285)
at com.util.TestUtil.takeScreenshotAtEndOfTest(TestUtil.java:64)
at com.util.WebEventListener.onException(WebEventListener.java:57)
at sun.reflect.GeneratedMethodAccessor13.invoke(Unknown Source)
at sun.reflect.DelegatingMethodAccessorImpl.invoke(Unknown Source)
at java.lang.reflect.Method.invoke(Unknown Source)
at org.openqa.selenium.support.events.EventFiringWebDriver.lambda$new$0(EventFiringWebDriver.java:82)
at com.sun.proxy.$Proxy9.onException(Unknown Source)
at org.openqa.selenium.support.events.EventFiringWebDriver.lambda$new$1(EventFiringWebDriver.java:105)
at com.sun.proxy.$Proxy10.getScreenshotAs(Unknown Source)
at org.openqa.selenium.support.events.EventFiringWebDriver.getScreenshotAs(EventFiringWebDriver.java:285)
at com.util.TestUtil.takeScreenshotAtEndOfTest(TestUtil.java:64)
at com.util.WebEventListener.onException(WebEventListener.java:57)
at sun.reflect.GeneratedMethodAccessor13.invoke(Unknown Source)
at sun.reflect.DelegatingMethodAccessorImpl.invoke(Unknown Source)
at java.lang.reflect.Method.invoke(Unknown Source)
at org.openqa.selenium.support.events.EventFiringWebDriver.lambda$new$0(EventFiringWebDriver.java:82)
at com.sun.proxy.$Proxy9.onException(Unknown Source)
at org.openqa.selenium.support.events.EventFiringWebDriver.lambda$new$1(EventFiringWebDriver.java:105)
at com.sun.proxy.$Proxy10.getScreenshotAs(Unknown Source)
at org.openqa.selenium.support.events.EventFiringWebDriver.getScreenshotAs(EventFiringWebDriver.java:285)
at com.util.TestUtil.takeScreenshotAtEndOfTest(TestUtil.java:64)
at com.util.WebEventListener.onException(WebEventListener.java:57)
at sun.reflect.GeneratedMethodAccessor13.invoke(Unknown Source)
at sun.reflect.DelegatingMethodAccessorImpl.invoke(Unknown Source)
at java.lang.reflect.Method.invoke(Unknown Source)
at org.openqa.selenium.support.events.EventFiringWebDriver.lambda$new$0(EventFiringWebDriver.java:82)
at com.sun.proxy.$Proxy9.onException(Unknown Source)
at org.openqa.selenium.support.events.EventFiringWebDriver.lambda$new$1(EventFiringWebDriver.java:105)
at com.sun.proxy.$Proxy10.getScreenshotAs(Unknown Source)
at org.openqa.selenium.support.events.EventFiringWebDriver.getScreenshotAs(EventFiringWebDriver.java:285)
at com.util.TestUtil.takeScreenshotAtEndOfTest(TestUtil.java:64)
at com.util.WebEventListener.onException(WebEventListener.java:57)
at sun.reflect.GeneratedMethodAccessor13.invoke(Unknown Source)
at sun.reflect.DelegatingMethodAccessorImpl.invoke(Unknown Source)
at java.lang.reflect.Method.invoke(Unknown Source)
at org.openqa.selenium.support.events.EventFiringWebDriver.lambda$new$0(EventFiringWebDriver.java:82)
at com.sun.proxy.$Proxy9.onException(Unknown Source)
at org.openqa.selenium.support.events.EventFiringWebDriver.lambda$new$1(EventFiringWebDriver.java:105)
at com.sun.proxy.$Proxy10.getScreenshotAs(Unknown Source)
at org.openqa.selenium.support.events.EventFiringWebDriver.getScreenshotAs(EventFiringWebDriver.java:285)
at com.util.TestUtil.takeScreenshotAtEndOfTest(TestUtil.java:64)
at com.util.WebEventListener.onException(WebEventListener.java:57)
at sun.reflect.GeneratedMethodAccessor13.invoke(Unknown Source)
at sun.reflect.DelegatingMethodAccessorImpl.invoke(Unknown Source)
at java.lang.reflect.Method.invoke(Unknown Source)
at org.openqa.selenium.support.events.EventFiringWebDriver.lambda$new$0(EventFiringWebDriver.java:82)
at com.sun.proxy.$Proxy9.onException(Unknown Source)
at org.openqa.selenium.support.events.EventFiringWebDriver.lambda$new$1(EventFiringWebDriver.java:105)
at com.sun.proxy.$Proxy10.getScreenshotAs(Unknown Source)
at org.openqa.selenium.support.events.EventFiringWebDriver.getScreenshotAs(EventFiringWebDriver.java:285)
at com.util.TestUtil.takeScreenshotAtEndOfTest(TestUtil.java:64)
at com.util.WebEventListener.onException(WebEventListener.java:57)
at sun.reflect.GeneratedMethodAccessor13.invoke(Unknown Source)
at sun.reflect.DelegatingMethodAccessorImpl.invoke(Unknown Source)
at java.lang.reflect.Method.invoke(Unknown Source)
at org.openqa.selenium.support.events.EventFiringWebDriver.lambda$new$0(EventFiringWebDriver.java:82)
at com.sun.proxy.$Proxy9.onException(Unknown Source)
at org.openqa.selenium.support.events.EventFiringWebDriver.lambda$new$1(EventFiringWebDriver.java:105)
at com.sun.proxy.$Proxy10.getScreenshotAs(Unknown Source)
at org.openqa.selenium.support.events.EventFiringWebDriver.getScreenshotAs(EventFiringWebDriver.java:285)
at com.util.TestUtil.takeScreenshotAtEndOfTest(TestUtil.java:64)
at com.util.WebEventListener.onException(WebEventListener.java:57)
at sun.reflect.GeneratedMethodAccessor13.invoke(Unknown Source)
at sun.reflect.DelegatingMethodAccessorImpl.invoke(Unknown Source)
at java.lang.reflect.Method.invoke(Unknown Source)
at org.openqa.selenium.support.events.EventFiringWebDriver.lambda$new$0(EventFiringWebDriver.java:82)
at com.sun.proxy.$Proxy9.onException(Unknown Source)
at org.openqa.selenium.support.events.EventFiringWebDriver.lambda$new$1(EventFiringWebDriver.java:105)
at com.sun.proxy.$Proxy10.getScreenshotAs(Unknown Source)
at org.openqa.selenium.support.events.EventFiringWebDriver.getScreenshotAs(EventFiringWebDriver.java:285)
at com.util.TestUtil.takeScreenshotAtEndOfTest(TestUtil.java:64)
at com.util.WebEventListener.onException(WebEventListener.java:57)
at sun.reflect.GeneratedMethodAccessor13.invoke(Unknown Source)
at sun.reflect.DelegatingMethodAccessorImpl.invoke(Unknown Source)
at java.lang.reflect.Method.invoke(Unknown Source)
at org.openqa.selenium.support.events.EventFiringWebDriver.lambda$new$0(EventFiringWebDriver.java:82)
at com.sun.proxy.$Proxy9.onException(Unknown Source)
at org.openqa.selenium.support.events.EventFiringWebDriver.lambda$new$1(EventFiringWebDriver.java:105)
at com.sun.proxy.$Proxy10.getScreenshotAs(Unknown Source)
at org.openqa.selenium.support.events.EventFiringWebDriver.getScreenshotAs(EventFiringWebDriver.java:285)
at com.util.TestUtil.takeScreenshotAtEndOfTest(TestUtil.java:64)
at com.util.WebEventListener.onException(WebEventListener.java:57)
at sun.reflect.GeneratedMethodAccessor13.invoke(Unknown Source)
at sun.reflect.DelegatingMethodAccessorImpl.invoke(Unknown Source)
at java.lang.reflect.Method.invoke(Unknown Source)
at org.openqa.selenium.support.events.EventFiringWebDriver.lambda$new$0(EventFiringWebDriver.java:82)
at com.sun.proxy.$Proxy9.onException(Unknown Source)
at org.openqa.selenium.support.events.EventFiringWebDriver.lambda$new$1(EventFiringWebDriver.java:105)
at com.sun.proxy.$Proxy10.getScreenshotAs(Unknown Source)
at org.openqa.selenium.support.events.EventFiringWebDriver.getScreenshotAs(EventFiringWebDriver.java:285)
at com.util.TestUtil.takeScreenshotAtEndOfTest(TestUtil.java:64)
at com.util.WebEventListener.onException(WebEventListener.java:57)
at sun.reflect.GeneratedMethodAccessor13.invoke(Unknown Source)
at sun.reflect.DelegatingMethodAccessorImpl.invoke(Unknown Source)
at java.lang.reflect.Method.invoke(Unknown Source)
at org.openqa.selenium.support.events.EventFiringWebDriver.lambda$new$0(EventFiringWebDriver.java:82)
at com.sun.proxy.$Proxy9.onException(Unknown Source)
at org.openqa.selenium.support.events.EventFiringWebDriver.lambda$new$1(EventFiringWebDriver.java:105)
at com.sun.proxy.$Proxy10.getScreenshotAs(Unknown Source)
at org.openqa.selenium.support.events.EventFiringWebDriver.getScreenshotAs(EventFiringWebDriver.java:285)
at com.util.TestUtil.takeScreenshotAtEndOfTest(TestUtil.java:64)
at com.util.WebEventListener.onException(WebEventListener.java:57)
at sun.reflect.GeneratedMethodAccessor13.invoke(Unknown Source)
at sun.reflect.DelegatingMethodAccessorImpl.invoke(Unknown Source)
at java.lang.reflect.Method.invoke(Unknown Source)
at org.openqa.selenium.support.events.EventFiringWebDriver.lambda$new$0(EventFiringWebDriver.java:82)
at com.sun.proxy.$Proxy9.onException(Unknown Source)
at org.openqa.selenium.support.events.EventFiringWebDriver.lambda$new$1(EventFiringWebDriver.java:105)
at com.sun.proxy.$Proxy10.getScreenshotAs(Unknown Source)
at org.openqa.selenium.support.events.EventFiringWebDriver.getScreenshotAs(EventFiringWebDriver.java:285)
at com.util.TestUtil.takeScreenshotAtEndOfTest(TestUtil.java:64)
at com.util.WebEventListener.onException(WebEventListener.java:57)
at sun.reflect.GeneratedMethodAccessor13.invoke(Unknown Source)
at sun.reflect.DelegatingMethodAccessorImpl.invoke(Unknown Source)
at java.lang.reflect.Method.invoke(Unknown Source)
at org.openqa.selenium.support.events.EventFiringWebDriver.lambda$new$0(EventFiringWebDriver.java:82)
at com.sun.proxy.$Proxy9.onException(Unknown Source)
at org.openqa.selenium.support.events.EventFiringWebDriver.lambda$new$1(EventFiringWebDriver.java:105)
at com.sun.proxy.$Proxy10.getScreenshotAs(Unknown Source)
at org.openqa.selenium.support.events.EventFiringWebDriver.getScreenshotAs(EventFiringWebDriver.java:285)
at com.util.TestUtil.takeScreenshotAtEndOfTest(TestUtil.java:64)
at com.util.WebEventListener.onException(WebEventListener.java:57)
at sun.reflect.GeneratedMethodAccessor13.invoke(Unknown Source)
at sun.reflect.DelegatingMethodAccessorImpl.invoke(Unknown Source)
at java.lang.reflect.Method.invoke(Unknown Source)
at org.openqa.selenium.support.events.EventFiringWebDriver.lambda$new$0(EventFiringWebDriver.java:82)
at com.sun.proxy.$Proxy9.onException(Unknown Source)
at org.openqa.selenium.support.events.EventFiringWebDriver.lambda$new$1(EventFiringWebDriver.java:105)
at com.sun.proxy.$Proxy10.getScreenshotAs(Unknown Source)
at org.openqa.selenium.support.events.EventFiringWebDriver.getScreenshotAs(EventFiringWebDriver.java:285)
at com.util.TestUtil.takeScreenshotAtEndOfTest(TestUtil.java:64)
at com.util.WebEventListener.onException(WebEventListener.java:57)
at sun.reflect.GeneratedMethodAccessor13.invoke(Unknown Source)
at sun.reflect.DelegatingMethodAccessorImpl.invoke(Unknown Source)
at java.lang.reflect.Method.invoke(Unknown Source)
at org.openqa.selenium.support.events.EventFiringWebDriver.lambda$new$0(EventFiringWebDriver.java:82)
at com.sun.proxy.$Proxy9.onException(Unknown Source)
at org.openqa.selenium.support.events.EventFiringWebDriver.lambda$new$1(EventFiringWebDriver.java:105)
at com.sun.proxy.$Proxy10.getScreenshotAs(Unknown Source)
at org.openqa.selenium.support.events.EventFiringWebDriver.getScreenshotAs(EventFiringWebDriver.java:285)
at com.util.TestUtil.takeScreenshotAtEndOfTest(TestUtil.java:64)
at com.util.WebEventListener.onException(WebEventListener.java:57)
at sun.reflect.GeneratedMethodAccessor13.invoke(Unknown Source)
at sun.reflect.DelegatingMethodAccessorImpl.invoke(Unknown Source)
at java.lang.reflect.Method.invoke(Unknown Source)
at org.openqa.selenium.support.events.EventFiringWebDriver.lambda$new$0(EventFiringWebDriver.java:82)
at com.sun.proxy.$Proxy9.onException(Unknown Source)
at org.openqa.selenium.support.events.EventFiringWebDriver.lambda$new$1(EventFiringWebDriver.java:105)
at com.sun.proxy.$Proxy10.getScreenshotAs(Unknown Source)
at org.openqa.selenium.support.events.EventFiringWebDriver.getScreenshotAs(EventFiringWebDriver.java:285)
at com.util.TestUtil.takeScreenshotAtEndOfTest(TestUtil.java:64)
at com.util.WebEventListener.onException(WebEventListener.java:57)
at sun.reflect.GeneratedMethodAccessor13.invoke(Unknown Source)
at sun.reflect.DelegatingMethodAccessorImpl.invoke(Unknown Source)
at java.lang.reflect.Method.invoke(Unknown Source)
at org.openqa.selenium.support.events.EventFiringWebDriver.lambda$new$0(EventFiringWebDriver.java:82)
at com.sun.proxy.$Proxy9.onException(Unknown Source)
at org.openqa.selenium.support.events.EventFiringWebDriver.lambda$new$1(EventFiringWebDriver.java:105)
at com.sun.proxy.$Proxy10.getScreenshotAs(Unknown Source)
at org.openqa.selenium.support.events.EventFiringWebDriver.getScreenshotAs(EventFiringWebDriver.java:285)
at com.util.TestUtil.takeScreenshotAtEndOfTest(TestUtil.java:64)
at com.util.WebEventListener.onException(WebEventListener.java:57)
at sun.reflect.GeneratedMethodAccessor13.invoke(Unknown Source)
at sun.reflect.DelegatingMethodAccessorImpl.invoke(Unknown Source)
at java.lang.reflect.Method.invoke(Unknown Source)
at org.openqa.selenium.support.events.EventFiringWebDriver.lambda$new$0(EventFiringWebDriver.java:82)
at com.sun.proxy.$Proxy9.onException(Unknown Source)
at org.openqa.selenium.support.events.EventFiringWebDriver.lambda$new$1(EventFiringWebDriver.java:105)
at com.sun.proxy.$Proxy10.getScreenshotAs(Unknown Source)
at org.openqa.selenium.support.events.EventFiringWebDriver.getScreenshotAs(EventFiringWebDriver.java:285)
at com.util.TestUtil.takeScreenshotAtEndOfTest(TestUtil.java:64)
at com.util.WebEventListener.onException(WebEventListener.java:57)
at sun.reflect.GeneratedMethodAccessor13.invoke(Unknown Source)
at sun.reflect.DelegatingMethodAccessorImpl.invoke(Unknown Source)
at java.lang.reflect.Method.invoke(Unknown Source)
at org.openqa.selenium.support.events.EventFiringWebDriver.lambda$new$0(EventFiringWebDriver.java:82)
at com.sun.proxy.$Proxy9.onException(Unknown Source)
at org.openqa.selenium.support.events.EventFiringWebDriver.lambda$new$1(EventFiringWebDriver.java:105)
at com.sun.proxy.$Proxy10.getScreenshotAs(Unknown Source)
at org.openqa.selenium.support.events.EventFiringWebDriver.getScreenshotAs(EventFiringWebDriver.java:285)
at com.util.TestUtil.takeScreenshotAtEndOfTest(TestUtil.java:64)
at com.util.WebEventListener.onException(WebEventListener.java:57)
at sun.reflect.GeneratedMethodAccessor13.invoke(Unknown Source)
at sun.reflect.DelegatingMethodAccessorImpl.invoke(Unknown Source)
at java.lang.reflect.Method.invoke(Unknown Source)
at org.openqa.selenium.support.events.EventFiringWebDriver.lambda$new$0(EventFiringWebDriver.java:82)
at com.sun.proxy.$Proxy9.onException(Unknown Source)
at org.openqa.selenium.support.events.EventFiringWebDriver.lambda$new$1(EventFiringWebDriver.java:105)
at com.sun.proxy.$Proxy10.getScreenshotAs(Unknown Source)
at org.openqa.selenium.support.events.EventFiringWebDriver.getScreenshotAs(EventFiringWebDriver.java:285)
at com.util.TestUtil.takeScreenshotAtEndOfTest(TestUtil.java:64)
at com.util.WebEventListener.onException(WebEventListener.java:57)
at sun.reflect.GeneratedMethodAccessor13.invoke(Unknown Source)
at sun.reflect.DelegatingMethodAccessorImpl.invoke(Unknown Source)
at java.lang.reflect.Method.invoke(Unknown Source)
at org.openqa.selenium.support.events.EventFiringWebDriver.lambda$new$0(EventFiringWebDriver.java:82)
at com.sun.proxy.$Proxy9.onException(Unknown Source)
at org.openqa.selenium.support.events.EventFiringWebDriver.lambda$new$1(EventFiringWebDriver.java:105)
at com.sun.proxy.$Proxy10.getScreenshotAs(Unknown Source)
at org.openqa.selenium.support.events.EventFiringWebDriver.getScreenshotAs(EventFiringWebDriver.java:285)
at com.util.TestUtil.takeScreenshotAtEndOfTest(TestUtil.java:64)
at com.util.WebEventListener.onException(WebEventListener.java:57)
at sun.reflect.GeneratedMethodAccessor13.invoke(Unknown Source)
at sun.reflect.DelegatingMethodAccessorImpl.invoke(Unknown Source)
at java.lang.reflect.Method.invoke(Unknown Source)
at org.openqa.selenium.support.events.EventFiringWebDriver.lambda$new$0(EventFiringWebDriver.java:82)
at com.sun.proxy.$Proxy9.onException(Unknown Source)
at org.openqa.selenium.support.events.EventFiringWebDriver.lambda$new$1(EventFiringWebDriver.java:105)
at com.sun.proxy.$Proxy10.getScreenshotAs(Unknown Source)
at org.openqa.selenium.support.events.EventFiringWebDriver.getScreenshotAs(EventFiringWebDriver.java:285)
at com.util.TestUtil.takeScreenshotAtEndOfTest(TestUtil.java:64)
at com.util.WebEventListener.onException(WebEventListener.java:57)
at sun.reflect.GeneratedMethodAccessor13.invoke(Unknown Source)
at sun.reflect.DelegatingMethodAccessorImpl.invoke(Unknown Source)
at java.lang.reflect.Method.invoke(Unknown Source)
at org.openqa.selenium.support.events.EventFiringWebDriver.lambda$new$0(EventFiringWebDriver.java:82)
at com.sun.proxy.$Proxy9.onException(Unknown Source)
at org.openqa.selenium.support.events.EventFiringWebDriver.lambda$new$1(EventFiringWebDriver.java:105)
at com.sun.proxy.$Proxy10.getScreenshotAs(Unknown Source)
at org.openqa.selenium.support.events.EventFiringWebDriver.getScreenshotAs(EventFiringWebDriver.java:285)
at com.util.TestUtil.takeScreenshotAtEndOfTest(TestUtil.java:64)
at com.util.WebEventListener.onException(WebEventListener.java:57)
at sun.reflect.GeneratedMethodAccessor13.invoke(Unknown Source)
at sun.reflect.DelegatingMethodAccessorImpl.invoke(Unknown Source)
at java.lang.reflect.Method.invoke(Unknown Source)
at org.openqa.selenium.support.events.EventFiringWebDriver.lambda$new$0(EventFiringWebDriver.java:82)
at com.sun.proxy.$Proxy9.onException(Unknown Source)
at org.openqa.selenium.support.events.EventFiringWebDriver.lambda$new$1(EventFiringWebDriver.java:105)
at com.sun.proxy.$Proxy10.getScreenshotAs(Unknown Source)
at org.openqa.selenium.support.events.EventFiringWebDriver.getScreenshotAs(EventFiringWebDriver.java:285)
at com.util.TestUtil.takeScreenshotAtEndOfTest(TestUtil.java:64)
at com.util.WebEventListener.onException(WebEventListener.java:57)
at sun.reflect.GeneratedMethodAccessor13.invoke(Unknown Source)
at sun.reflect.DelegatingMethodAccessorImpl.invoke(Unknown Source)
at java.lang.reflect.Method.invoke(Unknown Source)
at org.openqa.selenium.support.events.EventFiringWebDriver.lambda$new$0(EventFiringWebDriver.java:82)
at com.sun.proxy.$Proxy9.onException(Unknown Source)
at org.openqa.selenium.support.events.EventFiringWebDriver.lambda$new$1(EventFiringWebDriver.java:105)
at com.sun.proxy.$Proxy10.getScreenshotAs(Unknown Source)
at org.openqa.selenium.support.events.EventFiringWebDriver.getScreenshotAs(EventFiringWebDriver.java:285)
at com.util.TestUtil.takeScreenshotAtEndOfTest(TestUtil.java:64)
at com.util.WebEventListener.onException(WebEventListener.java:57)
at sun.reflect.GeneratedMethodAccessor13.invoke(Unknown Source)
at sun.reflect.DelegatingMethodAccessorImpl.invoke(Unknown Source)
at java.lang.reflect.Method.invoke(Unknown Source)
at org.openqa.selenium.support.events.EventFiringWebDriver.lambda$new$0(EventFiringWebDriver.java:82)
at com.sun.proxy.$Proxy9.onException(Unknown Source)
at org.openqa.selenium.support.events.EventFiringWebDriver.lambda$new$1(EventFiringWebDriver.java:105)
at com.sun.proxy.$Proxy10.getScreenshotAs(Unknown Source)
at org.openqa.selenium.support.events.EventFiringWebDriver.getScreenshotAs(EventFiringWebDriver.java:285)
at com.util.TestUtil.takeScreenshotAtEndOfTest(TestUtil.java:64)
at com.util.WebEventListener.onException(WebEventListener.java:57)
at sun.reflect.GeneratedMethodAccessor13.invoke(Unknown Source)
at sun.reflect.DelegatingMethodAccessorImpl.invoke(Unknown Source)
at java.lang.reflect.Method.invoke(Unknown Source)
at org.openqa.selenium.support.events.EventFiringWebDriver.lambda$new$0(EventFiringWebDriver.java:82)
at com.sun.proxy.$Proxy9.onException(Unknown Source)
at org.openqa.selenium.support.events.EventFiringWebDriver.lambda$new$1(EventFiringWebDriver.java:105)
at com.sun.proxy.$Proxy10.getScreenshotAs(Unknown Source)
at org.openqa.selenium.support.events.EventFiringWebDriver.getScreenshotAs(EventFiringWebDriver.java:285)
at com.util.TestUtil.takeScreenshotAtEndOfTest(TestUtil.java:64)
at com.util.WebEventListener.onException(WebEventListener.java:57)
at sun.reflect.GeneratedMethodAccessor13.invoke(Unknown Source)
at sun.reflect.DelegatingMethodAccessorImpl.invoke(Unknown Source)
at java.lang.reflect.Method.invoke(Unknown Source)
at org.openqa.selenium.support.events.EventFiringWebDriver.lambda$new$0(EventFiringWebDriver.java:82)
at com.sun.proxy.$Proxy9.onException(Unknown Source)
at org.openqa.selenium.support.events.EventFiringWebDriver.lambda$new$1(EventFiringWebDriver.java:105)
at com.sun.proxy.$Proxy10.getScreenshotAs(Unknown Source)
at org.openqa.selenium.support.events.EventFiringWebDriver.getScreenshotAs(EventFiringWebDriver.java:285)
at com.util.TestUtil.takeScreenshotAtEndOfTest(TestUtil.java:64)
at com.util.WebEventListener.onException(WebEventListener.java:57)
at sun.reflect.GeneratedMethodAccessor13.invoke(Unknown Source)
at sun.reflect.DelegatingMethodAccessorImpl.invoke(Unknown Source)
at java.lang.reflect.Method.invoke(Unknown Source)
at org.openqa.selenium.support.events.EventFiringWebDriver.lambda$new$0(EventFiringWebDriver.java:82)
at com.sun.proxy.$Proxy9.onException(Unknown Source)
at org.openqa.selenium.support.events.EventFiringWebDriver.lambda$new$1(EventFiringWebDriver.java:105)
at com.sun.proxy.$Proxy10.getScreenshotAs(Unknown Source)
at org.openqa.selenium.support.events.EventFiringWebDriver.getScreenshotAs(EventFiringWebDriver.java:285)
at com.util.TestUtil.takeScreenshotAtEndOfTest(TestUtil.java:64)
at com.util.WebEventListener.onException(WebEventListener.java:57)
at sun.reflect.GeneratedMethodAccessor13.invoke(Unknown Source)
at sun.reflect.DelegatingMethodAccessorImpl.invoke(Unknown Source)
at java.lang.reflect.Method.invoke(Unknown Source)
at org.openqa.selenium.support.events.EventFiringWebDriver.lambda$new$0(EventFiringWebDriver.java:82)
at com.sun.proxy.$Proxy9.onException(Unknown Source)
at org.openqa.selenium.support.events.EventFiringWebDriver.lambda$new$1(EventFiringWebDriver.java:105)
at com.sun.proxy.$Proxy10.getScreenshotAs(Unknown Source)
at org.openqa.selenium.support.events.EventFiringWebDriver.getScreenshotAs(EventFiringWebDriver.java:285)
at com.util.TestUtil.takeScreenshotAtEndOfTest(TestUtil.java:64)
at com.util.WebEventListener.onException(WebEventListener.java:57)
at sun.reflect.GeneratedMethodAccessor13.invoke(Unknown Source)
at sun.reflect.DelegatingMethodAccessorImpl.invoke(Unknown Source)
at java.lang.reflect.Method.invoke(Unknown Source)
at org.openqa.selenium.support.events.EventFiringWebDriver.lambda$new$0(EventFiringWebDriver.java:82)
at com.sun.proxy.$Proxy9.onException(Unknown Source)
at org.openqa.selenium.support.events.EventFiringWebDriver.lambda$new$1(EventFiringWebDriver.java:105)
at com.sun.proxy.$Proxy10.getScreenshotAs(Unknown Source)
at org.openqa.selenium.support.events.EventFiringWebDriver.getScreenshotAs(EventFiringWebDriver.java:285)
at com.util.TestUtil.takeScreenshotAtEndOfTest(TestUtil.java:64)
at com.util.WebEventListener.onException(WebEventListener.java:57)
at sun.reflect.GeneratedMethodAccessor13.invoke(Unknown Source)
at sun.reflect.DelegatingMethodAccessorImpl.invoke(Unknown Source)
at java.lang.reflect.Method.invoke(Unknown Source)
at org.openqa.selenium.support.events.EventFiringWebDriver.lambda$new$0(EventFiringWebDriver.java:82)
at com.sun.proxy.$Proxy9.onException(Unknown Source)
at org.openqa.selenium.support.events.EventFiringWebDriver.lambda$new$1(EventFiringWebDriver.java:105)
at com.sun.proxy.$Proxy10.getScreenshotAs(Unknown Source)
at org.openqa.selenium.support.events.EventFiringWebDriver.getScreenshotAs(EventFiringWebDriver.java:285)
at com.util.TestUtil.takeScreenshotAtEndOfTest(TestUtil.java:64)
at com.util.WebEventListener.onException(WebEventListener.java:57)
at sun.reflect.GeneratedMethodAccessor13.invoke(Unknown Source)
at sun.reflect.DelegatingMethodAccessorImpl.invoke(Unknown Source)
at java.lang.reflect.Method.invoke(Unknown Source)
at org.openqa.selenium.support.events.EventFiringWebDriver.lambda$new$0(EventFiringWebDriver.java:82)
at com.sun.proxy.$Proxy9.onException(Unknown Source)
at org.openqa.selenium.support.events.EventFiringWebDriver.lambda$new$1(EventFiringWebDriver.java:105)
at com.sun.proxy.$Proxy10.getScreenshotAs(Unknown Source)
at org.openqa.selenium.support.events.EventFiringWebDriver.getScreenshotAs(EventFiringWebDriver.java:285)
at com.util.TestUtil.takeScreenshotAtEndOfTest(TestUtil.java:64)
at com.util.WebEventListener.onException(WebEventListener.java:57)
at sun.reflect.GeneratedMethodAccessor13.invoke(Unknown Source)
at sun.reflect.DelegatingMethodAccessorImpl.invoke(Unknown Source)
at java.lang.reflect.Method.invoke(Unknown Source)
at org.openqa.selenium.support.events.EventFiringWebDriver.lambda$new$0(EventFiringWebDriver.java:82)
at com.sun.proxy.$Proxy9.onException(Unknown Source)
at org.openqa.selenium.support.events.EventFiringWebDriver.lambda$new$1(EventFiringWebDriver.java:105)
at com.sun.proxy.$Proxy10.getScreenshotAs(Unknown Source)
at org.openqa.selenium.support.events.EventFiringWebDriver.getScreenshotAs(EventFiringWebDriver.java:285)
at com.util.TestUtil.takeScreenshotAtEndOfTest(TestUtil.java:64)
at com.util.WebEventListener.onException(WebEventListener.java:57)
at sun.reflect.GeneratedMethodAccessor13.invoke(Unknown Source)
at sun.reflect.DelegatingMethodAccessorImpl.invoke(Unknown Source)
at java.lang.reflect.Method.invoke(Unknown Source)
at org.openqa.selenium.support.events.EventFiringWebDriver.lambda$new$0(EventFiringWebDriver.java:82)
at com.sun.proxy.$Proxy9.onException(Unknown Source)
at org.openqa.selenium.support.events.EventFiringWebDriver.lambda$new$1(EventFiringWebDriver.java:105)
at com.sun.proxy.$Proxy10.getScreenshotAs(Unknown Source)
at org.openqa.selenium.support.events.EventFiringWebDriver.getScreenshotAs(EventFiringWebDriver.java:285)
at com.util.TestUtil.takeScreenshotAtEndOfTest(TestUtil.java:64)
at com.util.WebEventListener.onException(WebEventListener.java:57)
at sun.reflect.GeneratedMethodAccessor13.invoke(Unknown Source)
at sun.reflect.DelegatingMethodAccessorImpl.invoke(Unknown Source)
at java.lang.reflect.Method.invoke(Unknown Source)
at org.openqa.selenium.support.events.EventFiringWebDriver.lambda$new$0(EventFiringWebDriver.java:82)
at com.sun.proxy.$Proxy9.onException(Unknown Source)
at org.openqa.selenium.support.events.EventFiringWebDriver.lambda$new$1(EventFiringWebDriver.java:105)
at com.sun.proxy.$Proxy10.getScreenshotAs(Unknown Source)
at org.openqa.selenium.support.events.EventFiringWebDriver.getScreenshotAs(EventFiringWebDriver.java:285)
at com.util.TestUtil.takeScreenshotAtEndOfTest(TestUtil.java:64)
at com.util.WebEventListener.onException(WebEventListener.java:57)
at sun.reflect.GeneratedMethodAccessor13.invoke(Unknown Source)
at sun.reflect.DelegatingMethodAccessorImpl.invoke(Unknown Source)
at java.lang.reflect.Method.invoke(Unknown Source)
at org.openqa.selenium.support.events.EventFiringWebDriver.lambda$new$0(EventFiringWebDriver.java:82)
at com.sun.proxy.$Proxy9.onException(Unknown Source)
at org.openqa.selenium.support.events.EventFiringWebDriver.lambda$new$1(EventFiringWebDriver.java:105)
at com.sun.proxy.$Proxy10.getScreenshotAs(Unknown Source)
at org.openqa.selenium.support.events.EventFiringWebDriver.getScreenshotAs(EventFiringWebDriver.java:285)
at com.util.TestUtil.takeScreenshotAtEndOfTest(TestUtil.java:64)
at com.util.WebEventListener.onException(WebEventListener.java:57)
at sun.reflect.GeneratedMethodAccessor13.invoke(Unknown Source)
at sun.reflect.DelegatingMethodAccessorImpl.invoke(Unknown Source)
at java.lang.reflect.Method.invoke(Unknown Source)
at org.openqa.selenium.support.events.EventFiringWebDriver.lambda$new$0(EventFiringWebDriver.java:82)
at com.sun.proxy.$Proxy9.onException(Unknown Source)
at org.openqa.selenium.support.events.EventFiringWebDriver.lambda$new$1(EventFiringWebDriver.java:105)
at com.sun.proxy.$Proxy10.getScreenshotAs(Unknown Source)
at org.openqa.selenium.support.events.EventFiringWebDriver.getScreenshotAs(EventFiringWebDriver.java:285)
at com.util.TestUtil.takeScreenshotAtEndOfTest(TestUtil.java:64)
at com.util.WebEventListener.onException(WebEventListener.java:57)
at sun.reflect.GeneratedMethodAccessor13.invoke(Unknown Source)
at sun.reflect.DelegatingMethodAccessorImpl.invoke(Unknown Source)
at java.lang.reflect.Method.invoke(Unknown Source)
at org.openqa.selenium.support.events.EventFiringWebDriver.lambda$new$0(EventFiringWebDriver.java:82)
at com.sun.proxy.$Proxy9.onException(Unknown Source)
at org.openqa.selenium.support.events.EventFiringWebDriver.lambda$new$1(EventFiringWebDriver.java:105)
at com.sun.proxy.$Proxy10.getScreenshotAs(Unknown Source)
at org.openqa.selenium.support.events.EventFiringWebDriver.getScreenshotAs(EventFiringWebDriver.java:285)
at com.util.TestUtil.takeScreenshotAtEndOfTest(TestUtil.java:64)
at com.util.WebEventListener.onException(WebEventListener.java:57)
at sun.reflect.GeneratedMethodAccessor13.invoke(Unknown Source)
at sun.reflect.DelegatingMethodAccessorImpl.invoke(Unknown Source)
at java.lang.reflect.Method.invoke(Unknown Source)
at org.openqa.selenium.support.events.EventFiringWebDriver.lambda$new$0(EventFiringWebDriver.java:82)
at com.sun.proxy.$Proxy9.onException(Unknown Source)
at org.openqa.selenium.support.events.EventFiringWebDriver.lambda$new$1(EventFiringWebDriver.java:105)
at com.sun.proxy.$Proxy10.getScreenshotAs(Unknown Source)
at org.openqa.selenium.support.events.EventFiringWebDriver.getScreenshotAs(EventFiringWebDriver.java:285)
at com.util.TestUtil.takeScreenshotAtEndOfTest(TestUtil.java:64)
at com.util.WebEventListener.onException(WebEventListener.java:57)
at sun.reflect.GeneratedMethodAccessor13.invoke(Unknown Source)
at sun.reflect.DelegatingMethodAccessorImpl.invoke(Unknown Source)
at java.lang.reflect.Method.invoke(Unknown Source)
at org.openqa.selenium.support.events.EventFiringWebDriver.lambda$new$0(EventFiringWebDriver.java:82)
at com.sun.proxy.$Proxy9.onException(Unknown Source)
at org.openqa.selenium.support.events.EventFiringWebDriver.lambda$new$1(EventFiringWebDriver.java:105)
at com.sun.proxy.$Proxy10.getScreenshotAs(Unknown Source)
at org.openqa.selenium.support.events.EventFiringWebDriver.getScreenshotAs(EventFiringWebDriver.java:285)
at com.util.TestUtil.takeScreenshotAtEndOfTest(TestUtil.java:64)
at com.util.WebEventListener.onException(WebEventListener.java:57)
at sun.reflect.GeneratedMethodAccessor13.invoke(Unknown Source)
at sun.reflect.DelegatingMethodAccessorImpl.invoke(Unknown Source)
at java.lang.reflect.Method.invoke(Unknown Source)
at org.openqa.selenium.support.events.EventFiringWebDriver.lambda$new$0(EventFiringWebDriver.java:82)
at com.sun.proxy.$Proxy9.onException(Unknown Source)
at org.openqa.selenium.support.events.EventFiringWebDriver.lambda$new$1(EventFiringWebDriver.java:105)
at com.sun.proxy.$Proxy10.getScreenshotAs(Unknown Source)
at org.openqa.selenium.support.events.EventFiringWebDriver.getScreenshotAs(EventFiringWebDriver.java:285)
at com.util.TestUtil.takeScreenshotAtEndOfTest(TestUtil.java:64)
at com.util.WebEventListener.onException(WebEventListener.java:57)
at sun.reflect.GeneratedMethodAccessor13.invoke(Unknown Source)
at sun.reflect.DelegatingMethodAccessorImpl.invoke(Unknown Source)
at java.lang.reflect.Method.invoke(Unknown Source)
at org.openqa.selenium.support.events.EventFiringWebDriver.lambda$new$0(EventFiringWebDriver.java:82)
at com.sun.proxy.$Proxy9.onException(Unknown Source)
at org.openqa.selenium.support.events.EventFiringWebDriver.lambda$new$1(EventFiringWebDriver.java:105)
at com.sun.proxy.$Proxy10.getScreenshotAs(Unknown Source)
at org.openqa.selenium.support.events.EventFiringWebDriver.getScreenshotAs(EventFiringWebDriver.java:285)
at com.util.TestUtil.takeScreenshotAtEndOfTest(TestUtil.java:64)
at com.util.WebEventListener.onException(WebEventListener.java:57)
at sun.reflect.GeneratedMethodAccessor13.invoke(Unknown Source)
at sun.reflect.DelegatingMethodAccessorImpl.invoke(Unknown Source)
at java.lang.reflect.Method.invoke(Unknown Source)
at org.openqa.selenium.support.events.EventFiringWebDriver.lambda$new$0(EventFiringWebDriver.java:82)
at com.sun.proxy.$Proxy9.onException(Unknown Source)
at org.openqa.selenium.support.events.EventFiringWebDriver.lambda$new$1(EventFiringWebDriver.java:105)
at com.sun.proxy.$Proxy10.getScreenshotAs(Unknown Source)
at org.openqa.selenium.support.events.EventFiringWebDriver.getScreenshotAs(EventFiringWebDriver.java:285)
at com.util.TestUtil.takeScreenshotAtEndOfTest(TestUtil.java:64)
at com.util.WebEventListener.onException(WebEventListener.java:57)
at sun.reflect.GeneratedMethodAccessor13.invoke(Unknown Source)
at sun.reflect.DelegatingMethodAccessorImpl.invoke(Unknown Source)
at java.lang.reflect.Method.invoke(Unknown Source)
at org.openqa.selenium.support.events.EventFiringWebDriver.lambda$new$0(EventFiringWebDriver.java:82)
at com.sun.proxy.$Proxy9.onException(Unknown Source)
at org.openqa.selenium.support.events.EventFiringWebDriver.lambda$new$1(EventFiringWebDriver.java:105)
at com.sun.proxy.$Proxy10.getScreenshotAs(Unknown Source)
at org.openqa.selenium.support.events.EventFiringWebDriver.getScreenshotAs(EventFiringWebDriver.java:285)
at com.util.TestUtil.takeScreenshotAtEndOfTest(TestUtil.java:64)
at com.util.WebEventListener.onException(WebEventListener.java:57)
at sun.reflect.GeneratedMethodAccessor13.invoke(Unknown Source)
at sun.reflect.DelegatingMethodAccessorImpl.invoke(Unknown Source)
at java.lang.reflect.Method.invoke(Unknown Source)
at org.openqa.selenium.support.events.EventFiringWebDriver.lambda$new$0(EventFiringWebDriver.java:82)
at com.sun.proxy.$Proxy9.onException(Unknown Source)
at org.openqa.selenium.support.events.EventFiringWebDriver.lambda$new$1(EventFiringWebDriver.java:105)
at com.sun.proxy.$Proxy10.getScreenshotAs(Unknown Source)
at org.openqa.selenium.support.events.EventFiringWebDriver.getScreenshotAs(EventFiringWebDriver.java:285)
at com.util.TestUtil.takeScreenshotAtEndOfTest(TestUtil.java:64)
at com.util.WebEventListener.onException(WebEventListener.java:57)
at sun.reflect.GeneratedMethodAccessor13.invoke(Unknown Source)
at sun.reflect.DelegatingMethodAccessorImpl.invoke(Unknown Source)
at java.lang.reflect.Method.invoke(Unknown Source)
at org.openqa.selenium.support.events.EventFiringWebDriver.lambda$new$0(EventFiringWebDriver.java:82)
at com.sun.proxy.$Proxy9.onException(Unknown Source)
at org.openqa.selenium.support.events.EventFiringWebDriver.lambda$new$1(EventFiringWebDriver.java:105)
at com.sun.proxy.$Proxy10.getScreenshotAs(Unknown Source)
at org.openqa.selenium.support.events.EventFiringWebDriver.getScreenshotAs(EventFiringWebDriver.java:285)
at com.util.TestUtil.takeScreenshotAtEndOfTest(TestUtil.java:64)
at com.util.WebEventListener.onException(WebEventListener.java:57)
at sun.reflect.GeneratedMethodAccessor13.invoke(Unknown Source)
at sun.reflect.DelegatingMethodAccessorImpl.invoke(Unknown Source)
at java.lang.reflect.Method.invoke(Unknown Source)
at org.openqa.selenium.support.events.EventFiringWebDriver.lambda$new$0(EventFiringWebDriver.java:82)
at com.sun.proxy.$Proxy9.onException(Unknown Source)
at org.openqa.selenium.support.events.EventFiringWebDriver.lambda$new$1(EventFiringWebDriver.java:105)
at com.sun.proxy.$Proxy10.getScreenshotAs(Unknown Source)
at org.openqa.selenium.support.events.EventFiringWebDriver.getScreenshotAs(EventFiringWebDriver.java:285)
at com.util.TestUtil.takeScreenshotAtEndOfTest(TestUtil.java:64)
at com.util.WebEventListener.onException(WebEventListener.java:57)
at sun.reflect.GeneratedMethodAccessor13.invoke(Unknown Source)
at sun.reflect.DelegatingMethodAccessorImpl.invoke(Unknown Source)
at java.lang.reflect.Method.invoke(Unknown Source)
at org.openqa.selenium.support.events.EventFiringWebDriver.lambda$new$0(EventFiringWebDriver.java:82)
at com.sun.proxy.$Proxy9.onException(Unknown Source)
at org.openqa.selenium.support.events.EventFiringWebDriver.lambda$new$1(EventFiringWebDriver.java:105)
at com.sun.proxy.$Proxy10.getScreenshotAs(Unknown Source)
at org.openqa.selenium.support.events.EventFiringWebDriver.getScreenshotAs(EventFiringWebDriver.java:285)
at com.util.TestUtil.takeScreenshotAtEndOfTest(TestUtil.java:64)
at com.util.WebEventListener.onException(WebEventListener.java:57)
at sun.reflect.GeneratedMethodAccessor13.invoke(Unknown Source)
at sun.reflect.DelegatingMethodAccessorImpl.invoke(Unknown Source)
at java.lang.reflect.Method.invoke(Unknown Source)
at org.openqa.selenium.support.events.EventFiringWebDriver.lambda$new$0(EventFiringWebDriver.java:82)
at com.sun.proxy.$Proxy9.onException(Unknown Source)
at org.openqa.selenium.support.events.EventFiringWebDriver.lambda$new$1(EventFiringWebDriver.java:105)
at com.sun.proxy.$Proxy10.getScreenshotAs(Unknown Source)
at org.openqa.selenium.support.events.EventFiringWebDriver.getScreenshotAs(EventFiringWebDriver.java:285)
at com.util.TestUtil.takeScreenshotAtEndOfTest(TestUtil.java:64)
at com.util.WebEventListener.onException(WebEventListener.java:57)
at sun.reflect.GeneratedMethodAccessor13.invoke(Unknown Source)
at sun.reflect.DelegatingMethodAccessorImpl.invoke(Unknown Source)
at java.lang.reflect.Method.invoke(Unknown Source)
at org.openqa.selenium.support.events.EventFiringWebDriver.lambda$new$0(EventFiringWebDriver.java:82)
at com.sun.proxy.$Proxy9.onException(Unknown Source)
at org.openqa.selenium.support.events.EventFiringWebDriver.lambda$new$1(EventFiringWebDriver.java:105)
at com.sun.proxy.$Proxy10.getScreenshotAs(Unknown Source)
at org.openqa.selenium.support.events.EventFiringWebDriver.getScreenshotAs(EventFiringWebDriver.java:285)
at com.util.TestUtil.takeScreenshotAtEndOfTest(TestUtil.java:64)
at com.util.WebEventListener.onException(WebEventListener.java:57)
at sun.reflect.GeneratedMethodAccessor13.invoke(Unknown Source)
at sun.reflect.DelegatingMethodAccessorImpl.invoke(Unknown Source)
at java.lang.reflect.Method.invoke(Unknown Source)
at org.openqa.selenium.support.events.EventFiringWebDriver.lambda$new$0(EventFiringWebDriver.java:82)
at com.sun.proxy.$Proxy9.onException(Unknown Source)
at org.openqa.selenium.support.events.EventFiringWebDriver.lambda$new$1(EventFiringWebDriver.java:105)
at com.sun.proxy.$Proxy10.getScreenshotAs(Unknown Source)
at org.openqa.selenium.support.events.EventFiringWebDriver.getScreenshotAs(EventFiringWebDriver.java:285)
at com.util.TestUtil.takeScreenshotAtEndOfTest(TestUtil.java:64)
at com.util.WebEventListener.onException(WebEventListener.java:57)
at sun.reflect.GeneratedMethodAccessor13.invoke(Unknown Source)
at sun.reflect.DelegatingMethodAccessorImpl.invoke(Unknown Source)
at java.lang.reflect.Method.invoke(Unknown Source)
at org.openqa.selenium.support.events.EventFiringWebDriver.lambda$new$0(EventFiringWebDriver.java:82)
at com.sun.proxy.$Proxy9.onException(Unknown Source)
at org.openqa.selenium.support.events.EventFiringWebDriver.lambda$new$1(EventFiringWebDriver.java:105)
at com.sun.proxy.$Proxy10.getScreenshotAs(Unknown Source)
at org.openqa.selenium.support.events.EventFiringWebDriver.getScreenshotAs(EventFiringWebDriver.java:285)
at com.util.TestUtil.takeScreenshotAtEndOfTest(TestUtil.java:64)
at com.util.WebEventListener.onException(WebEventListener.java:57)
at sun.reflect.GeneratedMethodAccessor13.invoke(Unknown Source)
at sun.reflect.DelegatingMethodAccessorImpl.invoke(Unknown Source)
at java.lang.reflect.Method.invoke(Unknown Source)
at org.openqa.selenium.support.events.EventFiringWebDriver.lambda$new$0(EventFiringWebDriver.java:82)
at com.sun.proxy.$Proxy9.onException(Unknown Source)
at org.openqa.selenium.support.events.EventFiringWebDriver.lambda$new$1(EventFiringWebDriver.java:105)
at com.sun.proxy.$Proxy10.getScreenshotAs(Unknown Source)
at org.openqa.selenium.support.events.EventFiringWebDriver.getScreenshotAs(EventFiringWebDriver.java:285)
at com.util.TestUtil.takeScreenshotAtEndOfTest(TestUtil.java:64)
at com.util.WebEventListener.onException(WebEventListener.java:57)
at sun.reflect.GeneratedMethodAccessor13.invoke(Unknown Source)
at sun.reflect.DelegatingMethodAccessorImpl.invoke(Unknown Source)
]]>
    </error>
  </testcase> <!-- generateCustomerDataWithDefaultCreditCard -->
  <testcase name="generateCustomerDataWithYearlyBillingProduct" classname="com.paymentgateway.testdatacreation.testcases.DomainzDataCreationTest">
    <skipped/>
  </testcase> <!-- generateCustomerDataWithYearlyBillingProduct -->
  <testcase name="generateCustomerDataWithDomainRegistrationAndEnableAutoRenew" classname="com.paymentgateway.testdatacreation.testcases.DomainzDataCreationTest">
    <skipped/>
  </testcase> <!-- generateCustomerDataWithDomainRegistrationAndEnableAutoRenew -->
  <testcase name="generateCustomerDataWithMonthlyBillingProduct" classname="com.paymentgateway.testdatacreation.testcases.DomainzDataCreationTest">
    <skipped/>
  </testcase> <!-- generateCustomerDataWithMonthlyBillingProduct -->
  <testcase name="generateCustomerDataWithOutstandingInvoice" classname="com.paymentgateway.testdatacreation.testcases.DomainzDataCreationTest">
    <skipped/>
  </testcase> <!-- generateCustomerDataWithOutstandingInvoice -->
</testsuite> <!-- com.paymentgateway.testdatacreation.testcases.DomainzDataCreationTest -->
