<?xml version="1.0" encoding="UTF-8"?>
<!-- Generated by org.testng.reporters.JUnitReportReporter -->
<testsuite skipped="6" hostname="MIT01524" name="com.paymentgateway.uat.domainz.testcases.RegressionTest" tests="8" failures="0" timestamp="21 Nov 2018 05:59:36 GMT" time="83.520" errors="0">
  <testcase name="testPayInvoiceUsingExistingCardFromSalesDB" time="41.356" classname="com.paymentgateway.uat.domainz.testcases.RegressionTest"/>
  <testcase name="testRefundPaymentInSalesDB" time="42.164" classname="com.paymentgateway.uat.domainz.testcases.RegressionTest"/>
  <testcase name="testCreateDomainAndMajorProductOrderInSalesDB" classname="com.paymentgateway.uat.domainz.testcases.RegressionTest">
    <skipped/>
  </testcase> <!-- testCreateDomainAndMajorProductOrderInSalesDB -->
  <testcase name="testViewBillingInConsoleAdmin" classname="com.paymentgateway.uat.domainz.testcases.RegressionTest">
    <skipped/>
  </testcase> <!-- testViewBillingInConsoleAdmin -->
  <testcase name="testPayingSingleInvoiceInConsoleAdmin" classname="com.paymentgateway.uat.domainz.testcases.RegressionTest">
    <skipped/>
  </testcase> <!-- testPayingSingleInvoiceInConsoleAdmin -->
  <testcase name="testUpdateExpiryInConsoleAdmin" classname="com.paymentgateway.uat.domainz.testcases.RegressionTest">
    <skipped/>
  </testcase> <!-- testUpdateExpiryInConsoleAdmin -->
  <testcase name="testDomainRegistration2WorkflowInConsoleAdmin" classname="com.paymentgateway.uat.domainz.testcases.RegressionTest">
    <skipped/>
  </testcase> <!-- testDomainRegistration2WorkflowInConsoleAdmin -->
  <testcase name="testProductSetup2WorkflowInConsoleAdmin" classname="com.paymentgateway.uat.domainz.testcases.RegressionTest">
    <skipped/>
  </testcase> <!-- testProductSetup2WorkflowInConsoleAdmin -->
</testsuite> <!-- com.paymentgateway.uat.domainz.testcases.RegressionTest -->
